<?xml version="1.0" encoding="UTF-8"?>
<coverage generated="1529475659892" clover="3.2.0">
  <project timestamp="1529475659893" name="All files">
    <metrics statements="504" coveredstatements="331" conditionals="204" coveredconditionals="119" methods="184" coveredmethods="121" elements="892" coveredelements="571" complexity="0" loc="504" ncloc="504" packages="5" files="15" classes="15">
      <package name="src">
        <metrics statements="24" coveredstatements="0" conditionals="5" coveredconditionals="0" methods="3" coveredmethods="0"/>
        <file name="falexa.ts" path="C:\Users\Burt\Documents\FAlexa\src\falexa.ts">
          <metrics statements="17" coveredstatements="0" conditionals="3" coveredconditionals="0" methods="2" coveredmethods="0"/>
          <line num="17" count="0" type="stmt"/>
          <line num="20" count="0" type="stmt"/>
          <line num="22" count="0" type="stmt"/>
          <line num="31" count="0" type="stmt"/>
          <line num="38" count="0" type="stmt"/>
          <line num="41" count="0" type="stmt"/>
          <line num="42" count="0" type="stmt"/>
          <line num="43" count="0" type="stmt"/>
          <line num="44" count="0" type="stmt"/>
          <line num="45" count="0" type="stmt"/>
          <line num="47" count="0" type="stmt"/>
          <line num="49" count="0" type="stmt"/>
          <line num="51" count="0" type="stmt"/>
          <line num="52" count="0" type="stmt"/>
          <line num="55" count="0" type="stmt"/>
          <line num="58" count="0" type="stmt"/>
          <line num="61" count="0" type="stmt"/>
        </file>
        <file name="index.ts" path="C:\Users\Burt\Documents\FAlexa\src\index.ts">
          <metrics statements="7" coveredstatements="0" conditionals="2" coveredconditionals="0" methods="1" coveredmethods="0"/>
          <line num="2" count="0" type="stmt"/>
          <line num="3" count="0" type="stmt"/>
          <line num="4" count="0" type="stmt"/>
          <line num="6" count="0" type="stmt"/>
          <line num="7" count="0" type="stmt"/>
          <line num="11" count="0" type="cond" truecount="0" falsecount="2"/>
          <line num="13" count="0" type="stmt"/>
        </file>
      </package>
      <package name="src.phonetic">
        <metrics statements="395" coveredstatements="280" conditionals="187" coveredconditionals="117" methods="140" coveredmethods="94"/>
        <file name="index.ts" path="C:\Users\Burt\Documents\FAlexa\src\phonetic\index.ts">
          <metrics statements="7" coveredstatements="4" conditionals="8" coveredconditionals="8" methods="4" coveredmethods="2"/>
          <line num="5" count="3" type="stmt"/>
          <line num="13" count="21" type="stmt"/>
          <line num="30" count="21" type="stmt"/>
          <line num="39" count="3" type="stmt"/>
          <line num="40" count="0" type="stmt"/>
          <line num="41" count="0" type="stmt"/>
          <line num="42" count="0" type="stmt"/>
        </file>
        <file name="interactSkills.ts" path="C:\Users\Burt\Documents\FAlexa\src\phonetic\interactSkills.ts">
          <metrics statements="22" coveredstatements="11" conditionals="4" coveredconditionals="3" methods="15" coveredmethods="8"/>
          <line num="15" count="9" type="stmt"/>
          <line num="16" count="9" type="stmt"/>
          <line num="19" count="3" type="stmt"/>
          <line num="20" count="11" type="stmt"/>
          <line num="25" count="9" type="stmt"/>
          <line num="31" count="0" type="stmt"/>
          <line num="33" count="0" type="stmt"/>
          <line num="36" count="0" type="stmt"/>
          <line num="39" count="0" type="stmt"/>
          <line num="40" count="0" type="stmt"/>
          <line num="42" count="0" type="stmt"/>
          <line num="46" count="0" type="stmt"/>
          <line num="53" count="3" type="stmt"/>
          <line num="60" count="3" type="stmt"/>
          <line num="62" count="2" type="stmt"/>
          <line num="63" count="0" type="stmt"/>
          <line num="69" count="3" type="stmt"/>
          <line num="71" count="0" type="stmt"/>
          <line num="72" count="0" type="stmt"/>
          <line num="77" count="3" type="cond" truecount="1" falsecount="1"/>
          <line num="78" count="3" type="stmt"/>
          <line num="80" count="0" type="stmt"/>
        </file>
        <file name="interpretter.ts" path="C:\Users\Burt\Documents\FAlexa\src\phonetic\interpretter.ts">
          <metrics statements="122" coveredstatements="111" conditionals="51" coveredconditionals="41" methods="36" coveredmethods="32"/>
          <line num="22" count="519" type="stmt"/>
          <line num="25" count="519" type="cond" truecount="2" falsecount="0"/>
          <line num="26" count="29" type="stmt"/>
          <line num="27" count="29" type="cond" truecount="1" falsecount="1"/>
          <line num="28" count="0" type="stmt"/>
          <line num="29" count="0" type="stmt"/>
          <line num="31" count="0" type="stmt"/>
          <line num="41" count="519" type="stmt"/>
          <line num="44" count="3" type="stmt"/>
          <line num="45" count="2738" type="stmt"/>
          <line num="47" count="9788" type="stmt"/>
          <line num="53" count="490" type="stmt"/>
          <line num="54" count="490" type="stmt"/>
          <line num="55" count="704" type="stmt"/>
          <line num="56" count="938" type="stmt"/>
          <line num="58" count="704" type="stmt"/>
          <line num="59" count="490" type="stmt"/>
          <line num="60" count="607" type="stmt"/>
          <line num="61" count="607" type="stmt"/>
          <line num="63" count="490" type="stmt"/>
          <line num="64" count="490" type="stmt"/>
          <line num="65" count="607" type="stmt"/>
          <line num="68" count="490" type="stmt"/>
          <line num="70" count="490" type="stmt"/>
          <line num="71" count="938" type="stmt"/>
          <line num="72" count="938" type="stmt"/>
          <line num="73" count="938" type="stmt"/>
          <line num="74" count="1922" type="stmt"/>
          <line num="75" count="1922" type="cond" truecount="2" falsecount="0"/>
          <line num="76" count="1511" type="stmt"/>
          <line num="77" count="1511" type="stmt"/>
          <line num="78" count="1511" type="cond" truecount="2" falsecount="0"/>
          <line num="79" count="1016" type="stmt"/>
          <line num="80" count="1016" type="stmt"/>
          <line num="85" count="938" type="stmt"/>
          <line num="86" count="938" type="stmt"/>
          <line num="87" count="938" type="stmt"/>
          <line num="89" count="490" type="stmt"/>
          <line num="98" count="899" type="cond" truecount="2" falsecount="0"/>
          <line num="99" count="380" type="stmt"/>
          <line num="103" count="380" type="cond" truecount="2" falsecount="0"/>
          <line num="104" count="272" type="stmt"/>
          <line num="108" count="108" type="stmt"/>
          <line num="111" count="519" type="stmt"/>
          <line num="112" count="519" type="stmt"/>
          <line num="114" count="519" type="cond" truecount="2" falsecount="0"/>
          <line num="115" count="29" type="stmt"/>
          <line num="118" count="490" type="stmt"/>
          <line num="120" count="490" type="stmt"/>
          <line num="121" count="841" type="stmt"/>
          <line num="125" count="490" type="stmt"/>
          <line num="126" count="841" type="stmt"/>
          <line num="127" count="490" type="stmt"/>
          <line num="133" count="58" type="stmt"/>
          <line num="134" count="58" type="stmt"/>
          <line num="135" count="272" type="stmt"/>
          <line num="136" count="272" type="cond" truecount="2" falsecount="0"/>
          <line num="137" count="220" type="stmt"/>
          <line num="139" count="52" type="stmt"/>
          <line num="140" count="52" type="stmt"/>
          <line num="145" count="58" type="stmt"/>
          <line num="146" count="58" type="stmt"/>
          <line num="147" count="58" type="cond" truecount="1" falsecount="1"/>
          <line num="148" count="58" type="stmt"/>
          <line num="151" count="272" type="stmt"/>
          <line num="153" count="272" type="stmt"/>
          <line num="157" count="58" type="stmt"/>
          <line num="166" count="7" type="stmt"/>
          <line num="170" count="0" type="stmt"/>
          <line num="174" count="15" type="stmt"/>
          <line num="176" count="15" type="cond" truecount="2" falsecount="0"/>
          <line num="177" count="7" type="cond" truecount="1" falsecount="1"/>
          <line num="178" count="7" type="stmt"/>
          <line num="181" count="0" type="cond" truecount="0" falsecount="2"/>
          <line num="182" count="0" type="stmt"/>
          <line num="189" count="8" type="stmt"/>
          <line num="196" count="15" type="stmt"/>
          <line num="197" count="15" type="stmt"/>
          <line num="201" count="33" type="stmt"/>
          <line num="206" count="65" type="cond" truecount="2" falsecount="0"/>
          <line num="208" count="18" type="stmt"/>
          <line num="209" count="18" type="stmt"/>
          <line num="216" count="47" type="stmt"/>
          <line num="222" count="3" type="stmt"/>
          <line num="227" count="3" type="stmt"/>
          <line num="228" count="58" type="stmt"/>
          <line num="230" count="40" type="stmt"/>
          <line num="232" count="58" type="stmt"/>
          <line num="233" count="15" type="stmt"/>
          <line num="236" count="17" type="stmt"/>
          <line num="239" count="40" type="stmt"/>
          <line num="241" count="40" type="cond" truecount="4" falsecount="0"/>
          <line num="242" count="15" type="stmt"/>
          <line num="245" count="25" type="cond" truecount="1" falsecount="1"/>
          <line num="246" count="0" type="stmt"/>
          <line num="247" count="0" type="stmt"/>
          <line num="249" count="0" type="stmt"/>
          <line num="253" count="25" type="stmt"/>
          <line num="255" count="6" type="cond" truecount="2" falsecount="0"/>
          <line num="256" count="25" type="stmt"/>
          <line num="259" count="25" type="cond" truecount="3" falsecount="1"/>
          <line num="260" count="0" type="stmt"/>
          <line num="263" count="25" type="cond" truecount="2" falsecount="0"/>
          <line num="264" count="3" type="stmt"/>
          <line num="267" count="22" type="stmt"/>
          <line num="270" count="3" type="stmt"/>
          <line num="271" count="21" type="stmt"/>
          <line num="272" count="21" type="stmt"/>
          <line num="273" count="4" type="stmt"/>
          <line num="277" count="21" type="stmt"/>
          <line num="278" count="21" type="cond" truecount="2" falsecount="0"/>
          <line num="279" count="19" type="stmt"/>
          <line num="281" count="2" type="stmt"/>
          <line num="290" count="3" type="stmt"/>
          <line num="293" count="31" type="stmt"/>
          <line num="296" count="9" type="cond" truecount="1" falsecount="1"/>
          <line num="297" count="0" type="stmt"/>
          <line num="299" count="9" type="cond" truecount="1" falsecount="1"/>
          <line num="302" count="2" type="stmt"/>
          <line num="305" count="21" type="stmt"/>
          <line num="306" count="21" type="stmt"/>
          <line num="314" count="10" type="stmt"/>
        </file>
        <file name="numeric.ts" path="C:\Users\Burt\Documents\FAlexa\src\phonetic\numeric.ts">
          <metrics statements="50" coveredstatements="23" conditionals="50" coveredconditionals="22" methods="5" coveredmethods="3"/>
          <line num="8" count="3" type="stmt"/>
          <line num="9" count="3" type="stmt"/>
          <line num="10" count="3" type="stmt"/>
          <line num="16" count="3" type="stmt"/>
          <line num="17" count="3" type="stmt"/>
          <line num="24" count="69" type="stmt"/>
          <line num="29" count="3" type="stmt"/>
          <line num="30" count="0" type="stmt"/>
          <line num="31" count="0" type="stmt"/>
          <line num="32" count="0" type="stmt"/>
          <line num="33" count="0" type="stmt"/>
          <line num="35" count="0" type="stmt"/>
          <line num="36" count="0" type="stmt"/>
          <line num="37" count="0" type="cond" truecount="0" falsecount="2"/>
          <line num="38" count="0" type="cond" truecount="0" falsecount="5"/>
          <line num="39" count="0" type="stmt"/>
          <line num="41" count="0" type="cond" truecount="0" falsecount="2"/>
          <line num="42" count="0" type="stmt"/>
          <line num="44" count="0" type="cond" truecount="0" falsecount="4"/>
          <line num="45" count="0" type="stmt"/>
          <line num="46" count="0" type="stmt"/>
          <line num="49" count="0" type="stmt"/>
          <line num="51" count="0" type="cond" truecount="0" falsecount="4"/>
          <line num="53" count="0" type="stmt"/>
          <line num="54" count="0" type="stmt"/>
          <line num="57" count="0" type="stmt"/>
          <line num="58" count="0" type="cond" truecount="0" falsecount="4"/>
          <line num="59" count="0" type="stmt"/>
          <line num="60" count="0" type="stmt"/>
          <line num="62" count="0" type="stmt"/>
          <line num="65" count="0" type="stmt"/>
          <line num="71" count="3" type="stmt"/>
          <line num="74" count="80" type="cond" truecount="2" falsecount="0"/>
          <line num="75" count="27" type="stmt"/>
          <line num="78" count="53" type="cond" truecount="2" falsecount="0"/>
          <line num="80" count="53" type="cond" truecount="2" falsecount="3"/>
          <line num="81" count="0" type="stmt"/>
          <line num="83" count="53" type="cond" truecount="1" falsecount="1"/>
          <line num="84" count="0" type="stmt"/>
          <line num="86" count="53" type="cond" truecount="2" falsecount="2"/>
          <line num="87" count="0" type="stmt"/>
          <line num="89" count="53" type="cond" truecount="4" falsecount="0"/>
          <line num="90" count="1" type="stmt"/>
          <line num="93" count="52" type="stmt"/>
          <line num="94" count="52" type="stmt"/>
          <line num="95" count="52" type="cond" truecount="4" falsecount="0"/>
          <line num="96" count="42" type="stmt"/>
          <line num="98" count="10" type="stmt"/>
          <line num="101" count="69" type="stmt"/>
          <line num="103" count="3" type="stmt"/>
        </file>
        <file name="publicInterfaces.ts" path="C:\Users\Burt\Documents\FAlexa\src\phonetic\publicInterfaces.ts">
          <metrics statements="4" coveredstatements="4" conditionals="2" coveredconditionals="2" methods="1" coveredmethods="1"/>
          <line num="69" count="3" type="cond" truecount="2" falsecount="0"/>
          <line num="70" count="3" type="stmt"/>
          <line num="71" count="3" type="stmt"/>
          <line num="72" count="3" type="stmt"/>
        </file>
        <file name="sort.ts" path="C:\Users\Burt\Documents\FAlexa\src\phonetic\sort.ts">
          <metrics statements="13" coveredstatements="13" conditionals="6" coveredconditionals="6" methods="7" coveredmethods="7"/>
          <line num="12" count="1411" type="stmt"/>
          <line num="13" count="2549" type="stmt"/>
          <line num="14" count="1411" type="cond" truecount="2" falsecount="0"/>
          <line num="15" count="663" type="stmt"/>
          <line num="16" count="663" type="stmt"/>
          <line num="17" count="1465" type="stmt"/>
          <line num="18" count="1465" type="stmt"/>
          <line num="19" count="1465" type="cond" truecount="2" falsecount="0"/>
          <line num="22" count="663" type="stmt"/>
          <line num="23" count="663" type="stmt"/>
          <line num="25" count="748" type="stmt"/>
          <line num="29" count="3526" type="stmt"/>
          <line num="33" count="2616" type="stmt"/>
        </file>
        <file name="stopwords.ts" path="C:\Users\Burt\Documents\FAlexa\src\phonetic\stopwords.ts">
          <metrics statements="1" coveredstatements="1" conditionals="0" coveredconditionals="0" methods="0" coveredmethods="0"/>
          <line num="2" count="3" type="stmt"/>
        </file>
        <file name="syntax.ts" path="C:\Users\Burt\Documents\FAlexa\src\phonetic\syntax.ts">
          <metrics statements="140" coveredstatements="85" conditionals="57" coveredconditionals="29" methods="62" coveredmethods="32"/>
          <line num="12" count="519" type="stmt"/>
          <line num="15" count="3" type="stmt"/>
          <line num="16" count="0" type="stmt"/>
          <line num="17" count="0" type="stmt"/>
          <line num="25" count="3" type="stmt"/>
          <line num="26" count="1" type="stmt"/>
          <line num="27" count="28" type="stmt"/>
          <line num="28" count="28" type="stmt"/>
          <line num="29" count="28" type="stmt"/>
          <line num="30" count="28" type="stmt"/>
          <line num="31" count="28" type="cond" truecount="2" falsecount="0"/>
          <line num="32" count="8" type="cond" truecount="2" falsecount="0"/>
          <line num="33" count="8" type="stmt"/>
          <line num="34" count="8" type="stmt"/>
          <line num="35" count="8" type="stmt"/>
          <line num="36" count="8" type="cond" truecount="1" falsecount="1"/>
          <line num="37" count="8" type="stmt"/>
          <line num="38" count="8" type="stmt"/>
          <line num="39" count="8" type="stmt"/>
          <line num="47" count="8" type="cond" truecount="2" falsecount="0"/>
          <line num="48" count="4" type="stmt"/>
          <line num="49" count="4" type="stmt"/>
          <line num="50" count="4" type="stmt"/>
          <line num="53" count="4" type="stmt"/>
          <line num="56" count="28" type="cond" truecount="2" falsecount="0"/>
          <line num="57" count="24" type="stmt"/>
          <line num="61" count="28" type="stmt"/>
          <line num="64" count="3" type="stmt"/>
          <line num="65" count="5" type="stmt"/>
          <line num="66" count="77" type="stmt"/>
          <line num="76" count="3" type="stmt"/>
          <line num="77" count="0" type="stmt"/>
          <line num="79" count="3" type="stmt"/>
          <line num="80" count="0" type="stmt"/>
          <line num="81" count="0" type="stmt"/>
          <line num="82" count="0" type="stmt"/>
          <line num="83" count="0" type="cond" truecount="0" falsecount="2"/>
          <line num="84" count="0" type="cond" truecount="0" falsecount="2"/>
          <line num="85" count="0" type="stmt"/>
          <line num="88" count="0" type="stmt"/>
          <line num="91" count="3" type="stmt"/>
          <line num="92" count="0" type="stmt"/>
          <line num="93" count="0" type="stmt"/>
          <line num="94" count="0" type="stmt"/>
          <line num="95" count="0" type="cond" truecount="0" falsecount="4"/>
          <line num="96" count="0" type="stmt"/>
          <line num="102" count="0" type="cond" truecount="0" falsecount="2"/>
          <line num="105" count="0" type="stmt"/>
          <line num="108" count="3" type="stmt"/>
          <line num="109" count="0" type="stmt"/>
          <line num="110" count="0" type="stmt"/>
          <line num="111" count="0" type="cond" truecount="0" falsecount="2"/>
          <line num="112" count="0" type="stmt"/>
          <line num="118" count="0" type="stmt"/>
          <line num="122" count="3" type="stmt"/>
          <line num="123" count="0" type="stmt"/>
          <line num="124" count="0" type="stmt"/>
          <line num="125" count="0" type="stmt"/>
          <line num="126" count="0" type="stmt"/>
          <line num="127" count="0" type="stmt"/>
          <line num="129" count="0" type="stmt"/>
          <line num="134" count="3" type="stmt"/>
          <line num="135" count="0" type="stmt"/>
          <line num="136" count="0" type="stmt"/>
          <line num="137" count="0" type="stmt"/>
          <line num="138" count="0" type="stmt"/>
          <line num="139" count="0" type="cond" truecount="0" falsecount="2"/>
          <line num="140" count="0" type="stmt"/>
          <line num="143" count="0" type="stmt"/>
          <line num="149" count="0" type="stmt"/>
          <line num="166" count="3" type="stmt"/>
          <line num="167" count="73" type="stmt"/>
          <line num="168" count="345" type="stmt"/>
          <line num="169" count="345" type="stmt"/>
          <line num="170" count="701" type="stmt"/>
          <line num="171" count="701" type="stmt"/>
          <line num="172" count="701" type="stmt"/>
          <line num="174" count="701" type="stmt"/>
          <line num="184" count="3" type="stmt"/>
          <line num="185" count="1" type="stmt"/>
          <line num="186" count="42" type="stmt"/>
          <line num="189" count="3" type="stmt"/>
          <line num="190" count="0" type="cond" truecount="0" falsecount="2"/>
          <line num="191" count="0" type="stmt"/>
          <line num="193" count="0" type="stmt"/>
          <line num="194" count="0" type="stmt"/>
          <line num="195" count="0" type="cond" truecount="0" falsecount="2"/>
          <line num="196" count="0" type="stmt"/>
          <line num="199" count="0" type="stmt"/>
          <line num="203" count="3" type="stmt"/>
          <line num="204" count="0" type="stmt"/>
          <line num="206" count="0" type="stmt"/>
          <line num="207" count="0" type="stmt"/>
          <line num="208" count="0" type="stmt"/>
          <line num="209" count="0" type="stmt"/>
          <line num="210" count="0" type="stmt"/>
          <line num="211" count="0" type="cond" truecount="0" falsecount="2"/>
          <line num="212" count="0" type="stmt"/>
          <line num="220" count="0" type="stmt"/>
          <line num="221" count="0" type="stmt"/>
          <line num="230" count="3" type="stmt"/>
          <line num="231" count="0" type="stmt"/>
          <line num="232" count="0" type="stmt"/>
          <line num="235" count="3" type="cond" truecount="0" falsecount="2"/>
          <line num="236" count="8" type="stmt"/>
          <line num="237" count="69" type="stmt"/>
          <line num="238" count="69" type="stmt"/>
          <line num="240" count="69" type="cond" truecount="5" falsecount="0"/>
          <line num="243" count="3" type="stmt"/>
          <line num="250" count="66" type="stmt"/>
          <line num="260" count="3" type="stmt"/>
          <line num="261" count="789" type="stmt"/>
          <line num="266" count="985" type="cond" truecount="2" falsecount="0"/>
          <line num="267" count="187" type="stmt"/>
          <line num="272" count="798" type="stmt"/>
          <line num="277" count="234" type="stmt"/>
          <line num="278" count="519" type="stmt"/>
          <line num="286" count="519" type="stmt"/>
          <line num="288" count="519" type="stmt"/>
          <line num="289" count="789" type="stmt"/>
          <line num="304" count="8" type="stmt"/>
          <line num="309" count="196" type="stmt"/>
          <line num="329" count="13" type="stmt"/>
          <line num="332" count="3" type="stmt"/>
          <line num="333" count="2" type="stmt"/>
          <line num="336" count="25" type="stmt"/>
          <line num="339" count="6" type="stmt"/>
          <line num="344" count="3" type="cond" truecount="0" falsecount="1"/>
          <line num="347" count="3" type="cond" truecount="0" falsecount="1"/>
          <line num="350" count="3" type="cond" truecount="2" falsecount="0"/>
          <line num="351" count="1" type="stmt"/>
          <line num="354" count="5" type="cond" truecount="1" falsecount="0"/>
          <line num="360" count="3" type="stmt"/>
          <line num="364" count="3" type="stmt"/>
          <line num="369" count="31" type="cond" truecount="1" falsecount="0"/>
          <line num="372" count="3" type="cond" truecount="1" falsecount="0"/>
          <line num="376" count="3" type="cond" truecount="0" falsecount="1"/>
          <line num="379" count="3" type="cond" truecount="0" falsecount="1"/>
          <line num="383" count="3" type="cond" truecount="3" falsecount="0"/>
          <line num="384" count="8" type="stmt"/>
        </file>
        <file name="text.ts" path="C:\Users\Burt\Documents\FAlexa\src\phonetic\text.ts">
          <metrics statements="36" coveredstatements="28" conditionals="9" coveredconditionals="6" methods="10" coveredmethods="9"/>
          <line num="5" count="3" type="stmt"/>
          <line num="7" count="3" type="stmt"/>
          <line num="13" count="3" type="cond" truecount="1" falsecount="0"/>
          <line num="14" count="409" type="stmt"/>
          <line num="15" count="409" type="stmt"/>
          <line num="16" count="164024" type="cond" truecount="2" falsecount="0"/>
          <line num="17" count="51" type="stmt"/>
          <line num="18" count="51" type="cond" truecount="1" falsecount="1"/>
          <line num="19" count="0" type="stmt"/>
          <line num="22" count="121" type="stmt"/>
          <line num="25" count="409" type="stmt"/>
          <line num="28" count="3" type="stmt"/>
          <line num="29" count="709" type="stmt"/>
          <line num="30" count="709" type="stmt"/>
          <line num="31" count="709" type="cond" truecount="2" falsecount="0"/>
          <line num="32" count="615" type="stmt"/>
          <line num="34" count="709" type="stmt"/>
          <line num="37" count="3" type="stmt"/>
          <line num="38" count="21" type="stmt"/>
          <line num="42" count="102" type="stmt"/>
          <line num="43" count="102" type="stmt"/>
          <line num="46" count="3" type="stmt"/>
          <line num="47" count="1418" type="stmt"/>
          <line num="48" count="1478" type="stmt"/>
          <line num="52" count="3" type="stmt"/>
          <line num="53" count="709" type="stmt"/>
          <line num="54" count="709" type="stmt"/>
          <line num="57" count="709" type="stmt"/>
          <line num="60" count="3" type="stmt"/>
          <line num="61" count="0" type="stmt"/>
          <line num="62" count="0" type="stmt"/>
          <line num="63" count="0" type="stmt"/>
          <line num="65" count="0" type="cond" truecount="0" falsecount="2"/>
          <line num="66" count="0" type="stmt"/>
          <line num="67" count="0" type="stmt"/>
          <line num="70" count="0" type="stmt"/>
        </file>
      </package>
      <package name="src.phonetic.examples.note">
        <metrics statements="50" coveredstatements="46" conditionals="4" coveredconditionals="2" methods="29" coveredmethods="25"/>
        <file name="cmd.ts" path="C:\Users\Burt\Documents\FAlexa\src\phonetic\examples\note\cmd.ts">
          <metrics statements="32" coveredstatements="28" conditionals="4" coveredconditionals="2" methods="21" coveredmethods="17"/>
          <line num="23" count="1" type="stmt"/>
          <line num="24" count="1" type="stmt"/>
          <line num="31" count="1" type="stmt"/>
          <line num="32" count="1" type="stmt"/>
          <line num="35" count="1" type="stmt"/>
          <line num="38" count="1" type="stmt"/>
          <line num="39" count="1" type="stmt"/>
          <line num="45" count="1" type="stmt"/>
          <line num="49" count="0" type="stmt"/>
          <line num="53" count="1" type="stmt"/>
          <line num="54" count="1" type="stmt"/>
          <line num="61" count="1" type="stmt"/>
          <line num="64" count="0" type="stmt"/>
          <line num="71" count="1" type="stmt"/>
          <line num="83" count="1" type="stmt"/>
          <line num="84" count="1" type="stmt"/>
          <line num="91" count="1" type="stmt"/>
          <line num="92" count="1" type="stmt"/>
          <line num="94" count="1" type="stmt"/>
          <line num="98" count="1" type="stmt"/>
          <line num="100" count="1" type="stmt"/>
          <line num="101" count="1" type="stmt"/>
          <line num="107" count="2" type="stmt"/>
          <line num="109" count="2" type="stmt"/>
          <line num="114" count="0" type="stmt"/>
          <line num="118" count="1" type="stmt"/>
          <line num="119" count="1" type="stmt"/>
          <line num="126" count="1" type="stmt"/>
          <line num="127" count="1" type="stmt"/>
          <line num="128" count="1" type="stmt"/>
          <line num="133" count="0" type="cond" truecount="0" falsecount="2"/>
          <line num="137" count="1" type="stmt"/>
        </file>
        <file name="skills.ts" path="C:\Users\Burt\Documents\FAlexa\src\phonetic\examples\note\skills.ts">
          <metrics statements="18" coveredstatements="18" conditionals="0" coveredconditionals="0" methods="8" coveredmethods="8"/>
          <line num="14" count="1" type="stmt"/>
          <line num="15" count="1" type="stmt"/>
          <line num="17" count="1" type="stmt"/>
          <line num="18" count="1" type="stmt"/>
          <line num="24" count="1" type="stmt"/>
          <line num="25" count="1" type="stmt"/>
          <line num="29" count="1" type="stmt"/>
          <line num="30" count="2" type="stmt"/>
          <line num="33" count="1" type="stmt"/>
          <line num="58" count="1" type="stmt"/>
          <line num="59" count="1" type="stmt"/>
          <line num="60" count="1" type="stmt"/>
          <line num="62" count="1" type="stmt"/>
          <line num="63" count="1" type="stmt"/>
          <line num="68" count="1" type="stmt"/>
          <line num="76" count="1" type="stmt"/>
          <line num="78" count="43" type="stmt"/>
          <line num="80" count="1" type="stmt"/>
        </file>
      </package>
      <package name="src.phonetic.examples.timer">
        <metrics statements="27" coveredstatements="0" conditionals="8" coveredconditionals="0" methods="8" coveredmethods="0"/>
        <file name="cmd.ts" path="C:\Users\Burt\Documents\FAlexa\src\phonetic\examples\timer\cmd.ts">
          <metrics statements="27" coveredstatements="0" conditionals="8" coveredconditionals="0" methods="8" coveredmethods="0"/>
          <line num="6" count="0" type="stmt"/>
          <line num="8" count="0" type="stmt"/>
          <line num="11" count="0" type="cond" truecount="0" falsecount="2"/>
          <line num="15" count="0" type="stmt"/>
          <line num="33" count="0" type="stmt"/>
          <line num="35" count="0" type="stmt"/>
          <line num="36" count="0" type="stmt"/>
          <line num="44" count="0" type="stmt"/>
          <line num="45" count="0" type="stmt"/>
          <line num="46" count="0" type="cond" truecount="0" falsecount="2"/>
          <line num="47" count="0" type="cond" truecount="0" falsecount="2"/>
          <line num="48" count="0" type="stmt"/>
          <line num="50" count="0" type="cond" truecount="0" falsecount="2"/>
          <line num="51" count="0" type="stmt"/>
          <line num="53" count="0" type="stmt"/>
          <line num="54" count="0" type="stmt"/>
          <line num="57" count="0" type="stmt"/>
          <line num="58" count="0" type="stmt"/>
          <line num="61" count="0" type="stmt"/>
          <line num="64" count="0" type="stmt"/>
          <line num="65" count="0" type="stmt"/>
          <line num="66" count="0" type="stmt"/>
          <line num="67" count="0" type="stmt"/>
          <line num="69" count="0" type="stmt"/>
          <line num="70" count="0" type="stmt"/>
          <line num="72" count="0" type="stmt"/>
          <line num="79" count="0" type="stmt"/>
        </file>
      </package>
      <package name="src.test.interpretter">
        <metrics statements="8" coveredstatements="5" conditionals="0" coveredconditionals="0" methods="4" coveredmethods="2"/>
        <file name="util.ts" path="C:\Users\Burt\Documents\FAlexa\src\test\interpretter\util.ts">
          <metrics statements="8" coveredstatements="5" conditionals="0" coveredconditionals="0" methods="4" coveredmethods="2"/>
          <line num="11" count="2" type="stmt"/>
          <line num="12" count="8" type="stmt"/>
          <line num="13" count="6" type="stmt"/>
          <line num="14" count="6" type="stmt"/>
          <line num="18" count="2" type="stmt"/>
          <line num="19" count="0" type="stmt"/>
          <line num="20" count="0" type="stmt"/>
          <line num="21" count="0" type="stmt"/>
        </file>
      </package>
    </metrics>
  </project>
</coverage>
