{"C:\\Users\\Burt\\Documents\\FAlexa\\src\\falexa.ts": {"path":"C:\\Users\\Burt\\Documents\\FAlexa\\src\\falexa.ts","statementMap":{"0":{"start":{"line":17,"column":39},"end":{"line":17,"column":0}},"1":{"start":{"line":20,"column":81},"end":{"line":18,"column":0}},"2":{"start":{"line":22,"column":54},"end":{"line":22,"column":0}},"3":{"start":{"line":31,"column":13},"end":{"line":31,"column":7}},"4":{"start":{"line":38,"column":23},"end":{"line":38,"column":4}},"5":{"start":{"line":41,"column":47},"end":{"line":41,"column":4}},"6":{"start":{"line":42,"column":8},"end":{"line":null,"column":-1}},"7":{"start":{"line":43,"column":8},"end":{"line":null,"column":-1}},"8":{"start":{"line":44,"column":8},"end":{"line":null,"column":-1}},"9":{"start":{"line":45,"column":8},"end":{"line":null,"column":-1}},"10":{"start":{"line":47,"column":23},"end":{"line":47,"column":4}},"11":{"start":{"line":49,"column":4},"end":{"line":null,"column":-1}},"12":{"start":{"line":51,"column":12},"end":{"line":null,"column":-1}},"13":{"start":{"line":52,"column":12},"end":{"line":null,"column":-1}},"14":{"start":{"line":55,"column":12},"end":{"line":null,"column":-1}},"15":{"start":{"line":58,"column":12},"end":{"line":null,"column":-1}},"16":{"start":{"line":61,"column":12},"end":{"line":null,"column":-1}}},"fnMap":{"0":{"name":"(anonymous_0)","decl":{"start":{"line":31,"column":22},"end":{"line":31,"column":23}},"loc":{"start":{"line":35,"column":64},"end":{"line":31,"column":7}}},"1":{"name":"(anonymous_1)","decl":{"start":{"line":41,"column":47},"end":{"line":41,"column":45}},"loc":{"start":{"line":41,"column":82},"end":{"line":41,"column":4}}}},"branchMap":{"0":{"loc":{"start":{"line":32,"column":39},"end":{"line":31,"column":22}},"type":"default-arg","locations":[{"start":{"line":32,"column":39},"end":{"line":31,"column":22}}]},"1":{"loc":{"start":{"line":34,"column":37},"end":{"line":31,"column":22}},"type":"default-arg","locations":[{"start":{"line":34,"column":37},"end":{"line":31,"column":22}}]},"2":{"loc":{"start":{"line":35,"column":41},"end":{"line":31,"column":22}},"type":"default-arg","locations":[{"start":{"line":35,"column":41},"end":{"line":31,"column":22}}]}},"s":{"0":0,"1":0,"2":0,"3":0,"4":0,"5":0,"6":0,"7":0,"8":0,"9":0,"10":0,"11":0,"12":0,"13":0,"14":0,"15":0,"16":0},"f":{"0":0,"1":0},"b":{"0":[0],"1":[0],"2":[0]}}
,"C:\\Users\\Burt\\Documents\\FAlexa\\src\\index.ts": {"path":"C:\\Users\\Burt\\Documents\\FAlexa\\src\\index.ts","statementMap":{"0":{"start":{"line":11,"column":0},"end":{"line":null,"column":-1}},"1":{"start":{"line":2,"column":0},"end":{"line":null,"column":-1}},"2":{"start":{"line":3,"column":0},"end":{"line":null,"column":-1}},"3":{"start":{"line":4,"column":0},"end":{"line":null,"column":-1}},"4":{"start":{"line":6,"column":13},"end":{"line":6,"column":7}},"5":{"start":{"line":7,"column":13},"end":{"line":7,"column":7}},"6":{"start":{"line":13,"column":13},"end":{"line":13,"column":7}}},"fnMap":{"0":{"name":"(anonymous_2)","decl":{"start":{"line":11,"column":0},"end":{"line":null,"column":-1}},"loc":{"start":{"line":11,"column":0},"end":{"line":null,"column":-1}}}},"branchMap":{"0":{"loc":{"start":{"line":11,"column":0},"end":{"line":null,"column":-1}},"type":"if","locations":[{"start":{"line":11,"column":0},"end":{"line":null,"column":-1}},{"start":{"line":11,"column":0},"end":{"line":null,"column":-1}}]}},"s":{"0":0,"1":0,"2":0,"3":0,"4":0,"5":0,"6":0},"f":{"0":0},"b":{"0":[0,0]}}
,"C:\\Users\\Burt\\Documents\\FAlexa\\src\\phonetic\\index.ts": {"path":"C:\\Users\\Burt\\Documents\\FAlexa\\src\\phonetic\\index.ts","statementMap":{"0":{"start":{"line":5,"column":38},"end":{"line":21,"column":2}},"1":{"start":{"line":13,"column":24},"end":{"line":21,"column":1}},"2":{"start":{"line":30,"column":4},"end":{"line":35,"column":6}},"3":{"start":{"line":39,"column":33},"end":{"line":44,"column":1}},"4":{"start":{"line":40,"column":4},"end":{"line":43,"column":6}},"5":{"start":{"line":41,"column":32},"end":{"line":41,"column":78}},"6":{"start":{"line":42,"column":8},"end":{"line":42,"column":50}}},"fnMap":{"0":{"name":"(anonymous_0)","decl":{"start":{"line":5,"column":38},"end":{"line":6,"column":4}},"loc":{"start":{"line":13,"column":24},"end":{"line":21,"column":1}}},"1":{"name":"createCmd","decl":{"start":{"line":24,"column":6},"end":{"line":25,"column":3}},"loc":{"start":{"line":28,"column":36},"end":{"line":36,"column":1}}},"2":{"name":"(anonymous_2)","decl":{"start":{"line":39,"column":33},"end":{"line":39,"column":34}},"loc":{"start":{"line":39,"column":103},"end":{"line":44,"column":1}}},"3":{"name":"(anonymous_3)","decl":{"start":{"line":40,"column":20},"end":{"line":40,"column":21}},"loc":{"start":{"line":40,"column":43},"end":{"line":43,"column":5}}}},"branchMap":{"0":{"loc":{"start":{"line":6,"column":34},"end":{"line":6,"column":39}},"type":"default-arg","locations":[{"start":{"line":6,"column":34},"end":{"line":6,"column":39}}]},"1":{"loc":{"start":{"line":7,"column":30},"end":{"line":7,"column":35}},"type":"default-arg","locations":[{"start":{"line":7,"column":30},"end":{"line":7,"column":35}}]},"2":{"loc":{"start":{"line":8,"column":25},"end":{"line":8,"column":30}},"type":"default-arg","locations":[{"start":{"line":8,"column":25},"end":{"line":8,"column":30}}]},"3":{"loc":{"start":{"line":10,"column":27},"end":{"line":10,"column":28}},"type":"default-arg","locations":[{"start":{"line":10,"column":27},"end":{"line":10,"column":28}}]},"4":{"loc":{"start":{"line":11,"column":33},"end":{"line":11,"column":34}},"type":"default-arg","locations":[{"start":{"line":11,"column":33},"end":{"line":11,"column":34}}]},"5":{"loc":{"start":{"line":12,"column":36},"end":{"line":12,"column":38}},"type":"default-arg","locations":[{"start":{"line":12,"column":36},"end":{"line":12,"column":38}}]},"6":{"loc":{"start":{"line":34,"column":53},"end":{"line":34,"column":66}},"type":"cond-expr","locations":[{"start":{"line":34,"column":53},"end":{"line":34,"column":66}},{"start":{"line":34,"column":69},"end":{"line":34,"column":93}}]}},"s":{"0":3,"1":21,"2":21,"3":3,"4":0,"5":0,"6":0},"f":{"0":21,"1":21,"2":0,"3":0},"b":{"0":[15],"1":[21],"2":[21],"3":[21],"4":[21],"5":[21],"6":[9,12]}}
,"C:\\Users\\Burt\\Documents\\FAlexa\\src\\phonetic\\interactSkills.ts": {"path":"C:\\Users\\Burt\\Documents\\FAlexa\\src\\phonetic\\interactSkills.ts","statementMap":{"0":{"start":{"line":15,"column":27},"end":{"line":15,"column":49}},"1":{"start":{"line":16,"column":4},"end":{"line":16,"column":38}},"2":{"start":{"line":19,"column":37},"end":{"line":28,"column":1}},"3":{"start":{"line":20,"column":4},"end":{"line":27,"column":9}},"4":{"start":{"line":25,"column":20},"end":{"line":25,"column":84}},"5":{"start":{"line":31,"column":21},"end":{"line":34,"column":13}},"6":{"start":{"line":33,"column":13},"end":{"line":33,"column":51}},"7":{"start":{"line":36,"column":23},"end":{"line":44,"column":5}},"8":{"start":{"line":39,"column":30},"end":{"line":39,"column":58}},"9":{"start":{"line":40,"column":12},"end":{"line":40,"column":61}},"10":{"start":{"line":42,"column":14},"end":{"line":42,"column":16}},"11":{"start":{"line":46,"column":4},"end":{"line":49,"column":5}},"12":{"start":{"line":53,"column":4},"end":{"line":56,"column":5}},"13":{"start":{"line":60,"column":4},"end":{"line":65,"column":5}},"14":{"start":{"line":62,"column":14},"end":{"line":62,"column":62}},"15":{"start":{"line":63,"column":14},"end":{"line":63,"column":59}},"16":{"start":{"line":69,"column":4},"end":{"line":73,"column":44}},"17":{"start":{"line":71,"column":15},"end":{"line":71,"column":45}},"18":{"start":{"line":72,"column":14},"end":{"line":72,"column":25}},"19":{"start":{"line":77,"column":4},"end":{"line":79,"column":5}},"20":{"start":{"line":78,"column":8},"end":{"line":78,"column":53}},"21":{"start":{"line":80,"column":4},"end":{"line":80,"column":50}}},"fnMap":{"0":{"name":"paramNameToPhrase","decl":{"start":{"line":14,"column":0},"end":{"line":14,"column":26}},"loc":{"start":{"line":14,"column":44},"end":{"line":17,"column":1}}},"1":{"name":"(anonymous_1)","decl":{"start":{"line":19,"column":37},"end":{"line":19,"column":38}},"loc":{"start":{"line":19,"column":76},"end":{"line":28,"column":1}}},"2":{"name":"(anonymous_2)","decl":{"start":{"line":24,"column":21},"end":{"line":24,"column":22}},"loc":{"start":{"line":25,"column":20},"end":{"line":25,"column":84}}},"3":{"name":"createMultichoiceResponse","decl":{"start":{"line":30,"column":6},"end":{"line":30,"column":41}},"loc":{"start":{"line":30,"column":79},"end":{"line":50,"column":1}}},"4":{"name":"(anonymous_4)","decl":{"start":{"line":32,"column":25},"end":{"line":32,"column":26}},"loc":{"start":{"line":33,"column":13},"end":{"line":33,"column":51}}},"5":{"name":"(anonymous_5)","decl":{"start":{"line":38,"column":8},"end":{"line":38,"column":9}},"loc":{"start":{"line":38,"column":50},"end":{"line":41,"column":9}}},"6":{"name":"(anonymous_6)","decl":{"start":{"line":42,"column":8},"end":{"line":42,"column":10}},"loc":{"start":{"line":42,"column":14},"end":{"line":42,"column":16}}},"7":{"name":"createClarifyResponse","decl":{"start":{"line":52,"column":6},"end":{"line":52,"column":57}},"loc":{"start":{"line":52,"column":85},"end":{"line":57,"column":1}}},"8":{"name":"createYesCmd","decl":{"start":{"line":59,"column":6},"end":{"line":59,"column":28}},"loc":{"start":{"line":59,"column":64},"end":{"line":66,"column":1}}},"9":{"name":"(anonymous_9)","decl":{"start":{"line":62,"column":8},"end":{"line":62,"column":10}},"loc":{"start":{"line":62,"column":14},"end":{"line":62,"column":62}}},"10":{"name":"(anonymous_10)","decl":{"start":{"line":63,"column":8},"end":{"line":63,"column":10}},"loc":{"start":{"line":63,"column":14},"end":{"line":63,"column":59}}},"11":{"name":"createNoCmd","decl":{"start":{"line":68,"column":6},"end":{"line":null,"column":-1}},"loc":{"start":{"line":68,"column":6},"end":{"line":74,"column":1}}},"12":{"name":"(anonymous_12)","decl":{"start":{"line":71,"column":8},"end":{"line":71,"column":10}},"loc":{"start":{"line":71,"column":15},"end":{"line":71,"column":45}}},"13":{"name":"(anonymous_13)","decl":{"start":{"line":72,"column":8},"end":{"line":72,"column":10}},"loc":{"start":{"line":72,"column":14},"end":{"line":72,"column":25}}},"14":{"name":"createClarificationResponse","decl":{"start":{"line":76,"column":6},"end":{"line":76,"column":43}},"loc":{"start":{"line":76,"column":81},"end":{"line":81,"column":1}}}},"branchMap":{"0":{"loc":{"start":{"line":21,"column":8},"end":{"line":21,"column":39}},"type":"cond-expr","locations":[{"start":{"line":21,"column":8},"end":{"line":21,"column":39}},{"start":{"line":22,"column":12},"end":{"line":26,"column":26}}]},"1":{"loc":{"start":{"line":77,"column":4},"end":{"line":79,"column":5}},"type":"if","locations":[{"start":{"line":77,"column":4},"end":{"line":79,"column":5}},{"start":{"line":77,"column":4},"end":{"line":79,"column":5}}]}},"s":{"0":9,"1":9,"2":3,"3":11,"4":9,"5":0,"6":0,"7":0,"8":0,"9":0,"10":0,"11":0,"12":3,"13":3,"14":2,"15":0,"16":3,"17":0,"18":0,"19":3,"20":3,"21":0},"f":{"0":9,"1":11,"2":9,"3":0,"4":0,"5":0,"6":0,"7":3,"8":3,"9":2,"10":0,"11":3,"12":0,"13":0,"14":3},"b":{"0":[2,9],"1":[3,0]}}
,"C:\\Users\\Burt\\Documents\\FAlexa\\src\\phonetic\\interpretter.ts": {"path":"C:\\Users\\Burt\\Documents\\FAlexa\\src\\phonetic\\interpretter.ts","statementMap":{"0":{"start":{"line":22,"column":29},"end":{"line":22,"column":98}},"1":{"start":{"line":25,"column":4},"end":{"line":39,"column":5}},"2":{"start":{"line":26,"column":34},"end":{"line":26,"column":64}},"3":{"start":{"line":27,"column":8},"end":{"line":38,"column":9}},"4":{"start":{"line":28,"column":37},"end":{"line":28,"column":74}},"5":{"start":{"line":29,"column":12},"end":{"line":37,"column":23}},"6":{"start":{"line":31,"column":20},"end":{"line":35,"column":109}},"7":{"start":{"line":41,"column":4},"end":{"line":41,"column":63}},"8":{"start":{"line":44,"column":25},"end":{"line":49,"column":1}},"9":{"start":{"line":45,"column":4},"end":{"line":48,"column":10}},"10":{"start":{"line":47,"column":12},"end":{"line":47,"column":62}},"11":{"start":{"line":53,"column":19},"end":{"line":53,"column":20}},"12":{"start":{"line":54,"column":25},"end":{"line":58,"column":72}},"13":{"start":{"line":55,"column":8},"end":{"line":56,"column":64}},"14":{"start":{"line":56,"column":12},"end":{"line":56,"column":63}},"15":{"start":{"line":58,"column":54},"end":{"line":58,"column":71}},"16":{"start":{"line":59,"column":22},"end":{"line":62,"column":6}},"17":{"start":{"line":60,"column":8},"end":{"line":60,"column":33}},"18":{"start":{"line":61,"column":8},"end":{"line":61,"column":28}},"19":{"start":{"line":63,"column":23},"end":{"line":63,"column":61}},"20":{"start":{"line":64,"column":4},"end":{"line":66,"column":5}},"21":{"start":{"line":65,"column":8},"end":{"line":65,"column":25}},"22":{"start":{"line":68,"column":19},"end":{"line":68,"column":67}},"23":{"start":{"line":70,"column":4},"end":{"line":88,"column":5}},"24":{"start":{"line":71,"column":26},"end":{"line":71,"column":28}},"25":{"start":{"line":72,"column":25},"end":{"line":72,"column":33}},"26":{"start":{"line":73,"column":8},"end":{"line":83,"column":9}},"27":{"start":{"line":74,"column":30},"end":{"line":74,"column":43}},"28":{"start":{"line":75,"column":12},"end":{"line":82,"column":13}},"29":{"start":{"line":76,"column":74},"end":{"line":76,"column":100}},"30":{"start":{"line":77,"column":38},"end":{"line":77,"column":76}},"31":{"start":{"line":78,"column":16},"end":{"line":81,"column":17}},"32":{"start":{"line":79,"column":20},"end":{"line":79,"column":46}},"33":{"start":{"line":80,"column":20},"end":{"line":80,"column":35}},"34":{"start":{"line":85,"column":25},"end":{"line":85,"column":48}},"35":{"start":{"line":86,"column":8},"end":{"line":86,"column":55}},"36":{"start":{"line":87,"column":8},"end":{"line":87,"column":36}},"37":{"start":{"line":89,"column":4},"end":{"line":89,"column":17}},"38":{"start":{"line":98,"column":4},"end":{"line":109,"column":5}},"39":{"start":{"line":99,"column":30},"end":{"line":99,"column":57}},"40":{"start":{"line":103,"column":8},"end":{"line":105,"column":9}},"41":{"start":{"line":104,"column":12},"end":{"line":104,"column":36}},"42":{"start":{"line":108,"column":8},"end":{"line":108,"column":19}},"43":{"start":{"line":111,"column":26},"end":{"line":111,"column":35}},"44":{"start":{"line":112,"column":37},"end":{"line":112,"column":108}},"45":{"start":{"line":114,"column":4},"end":{"line":116,"column":5}},"46":{"start":{"line":115,"column":8},"end":{"line":115,"column":19}},"47":{"start":{"line":118,"column":28},"end":{"line":118,"column":43}},"48":{"start":{"line":120,"column":8},"end":{"line":122,"column":54}},"49":{"start":{"line":121,"column":12},"end":{"line":122,"column":53}},"50":{"start":{"line":125,"column":8},"end":{"line":126,"column":103}},"51":{"start":{"line":126,"column":57},"end":{"line":126,"column":72}},"52":{"start":{"line":127,"column":4},"end":{"line":127,"column":47}},"53":{"start":{"line":133,"column":42},"end":{"line":133,"column":44}},"54":{"start":{"line":134,"column":8},"end":{"line":141,"column":10}},"55":{"start":{"line":135,"column":35},"end":{"line":135,"column":102}},"56":{"start":{"line":136,"column":12},"end":{"line":138,"column":13}},"57":{"start":{"line":137,"column":16},"end":{"line":137,"column":28}},"58":{"start":{"line":139,"column":12},"end":{"line":139,"column":48}},"59":{"start":{"line":140,"column":12},"end":{"line":140,"column":23}},"60":{"start":{"line":145,"column":66},"end":{"line":145,"column":132}},"61":{"start":{"line":146,"column":21},"end":{"line":146,"column":29}},"62":{"start":{"line":147,"column":4},"end":{"line":155,"column":5}},"63":{"start":{"line":148,"column":8},"end":{"line":154,"column":25}},"64":{"start":{"line":151,"column":16},"end":{"line":151,"column":48}},"65":{"start":{"line":153,"column":20},"end":{"line":153,"column":61}},"66":{"start":{"line":157,"column":4},"end":{"line":162,"column":5}},"67":{"start":{"line":166,"column":4},"end":{"line":166,"column":63}},"68":{"start":{"line":170,"column":4},"end":{"line":170,"column":60}},"69":{"start":{"line":174,"column":24},"end":{"line":174,"column":46}},"70":{"start":{"line":176,"column":4},"end":{"line":187,"column":5}},"71":{"start":{"line":177,"column":8},"end":{"line":179,"column":9}},"72":{"start":{"line":178,"column":12},"end":{"line":178,"column":30}},"73":{"start":{"line":181,"column":8},"end":{"line":186,"column":9}},"74":{"start":{"line":182,"column":12},"end":{"line":185,"column":13}},"75":{"start":{"line":189,"column":4},"end":{"line":192,"column":5}},"76":{"start":{"line":196,"column":22},"end":{"line":196,"column":88}},"77":{"start":{"line":197,"column":4},"end":{"line":197,"column":48}},"78":{"start":{"line":201,"column":4},"end":{"line":201,"column":62}},"79":{"start":{"line":206,"column":4},"end":{"line":213,"column":5}},"80":{"start":{"line":208,"column":8},"end":{"line":212,"column":15}},"81":{"start":{"line":209,"column":76},"end":{"line":212,"column":13}},"82":{"start":{"line":216,"column":4},"end":{"line":219,"column":7}},"83":{"start":{"line":216,"column":96},"end":{"line":219,"column":5}},"84":{"start":{"line":222,"column":38},"end":{"line":225,"column":1}},"85":{"start":{"line":227,"column":22},"end":{"line":268,"column":1}},"86":{"start":{"line":228,"column":53},"end":{"line":228,"column":111}},"87":{"start":{"line":228,"column":86},"end":{"line":228,"column":110}},"88":{"start":{"line":230,"column":38},"end":{"line":237,"column":11}},"89":{"start":{"line":232,"column":12},"end":{"line":232,"column":43}},"90":{"start":{"line":233,"column":65},"end":{"line":236,"column":47}},"91":{"start":{"line":236,"column":16},"end":{"line":236,"column":46}},"92":{"start":{"line":239,"column":28},"end":{"line":239,"column":87}},"93":{"start":{"line":241,"column":4},"end":{"line":243,"column":5}},"94":{"start":{"line":242,"column":8},"end":{"line":242,"column":68}},"95":{"start":{"line":245,"column":4},"end":{"line":250,"column":5}},"96":{"start":{"line":246,"column":8},"end":{"line":248,"column":10}},"97":{"start":{"line":247,"column":12},"end":{"line":247,"column":52}},"98":{"start":{"line":249,"column":8},"end":{"line":249,"column":59}},"99":{"start":{"line":253,"column":33},"end":{"line":255,"column":111}},"100":{"start":{"line":255,"column":12},"end":{"line":255,"column":110}},"101":{"start":{"line":256,"column":28},"end":{"line":256,"column":82}},"102":{"start":{"line":259,"column":4},"end":{"line":261,"column":5}},"103":{"start":{"line":260,"column":8},"end":{"line":260,"column":63}},"104":{"start":{"line":263,"column":4},"end":{"line":265,"column":5}},"105":{"start":{"line":264,"column":8},"end":{"line":264,"column":59}},"106":{"start":{"line":267,"column":4},"end":{"line":267,"column":27}},"107":{"start":{"line":270,"column":33},"end":{"line":282,"column":1}},"108":{"start":{"line":271,"column":18},"end":{"line":271,"column":38}},"109":{"start":{"line":272,"column":30},"end":{"line":275,"column":11}},"110":{"start":{"line":273,"column":8},"end":{"line":274,"column":74}},"111":{"start":{"line":277,"column":36},"end":{"line":277,"column":75}},"112":{"start":{"line":278,"column":4},"end":{"line":280,"column":5}},"113":{"start":{"line":279,"column":8},"end":{"line":279,"column":63}},"114":{"start":{"line":281,"column":4},"end":{"line":281,"column":34}},"115":{"start":{"line":290,"column":25},"end":{"line":312,"column":6}},"116":{"start":{"line":293,"column":52},"end":{"line":312,"column":5}},"117":{"start":{"line":296,"column":12},"end":{"line":298,"column":13}},"118":{"start":{"line":297,"column":16},"end":{"line":297,"column":25}},"119":{"start":{"line":299,"column":12},"end":{"line":299,"column":97}},"120":{"start":{"line":302,"column":47},"end":{"line":302,"column":74}},"121":{"start":{"line":305,"column":39},"end":{"line":305,"column":91}},"122":{"start":{"line":306,"column":12},"end":{"line":310,"column":13}},"123":{"start":{"line":314,"column":31},"end":{"line":314,"column":94}},"124":{"start":{"line":314,"column":72},"end":{"line":314,"column":94}}},"fnMap":{"0":{"name":"interpretDirective","decl":{"start":{"line":20,"column":0},"end":{"line":21,"column":0}},"loc":{"start":{"line":21,"column":82},"end":{"line":42,"column":1}}},"1":{"name":"(anonymous_1)","decl":{"start":{"line":30,"column":21},"end":{"line":30,"column":22}},"loc":{"start":{"line":31,"column":20},"end":{"line":35,"column":109}}},"2":{"name":"(anonymous_2)","decl":{"start":{"line":44,"column":25},"end":{"line":44,"column":46}},"loc":{"start":{"line":44,"column":95},"end":{"line":49,"column":1}}},"3":{"name":"(anonymous_3)","decl":{"start":{"line":46,"column":16},"end":{"line":46,"column":17}},"loc":{"start":{"line":47,"column":12},"end":{"line":47,"column":62}}},"4":{"name":"sortAndFlatten","decl":{"start":{"line":52,"column":6},"end":{"line":52,"column":50}},"loc":{"start":{"line":52,"column":89},"end":{"line":90,"column":1}}},"5":{"name":"(anonymous_5)","decl":{"start":{"line":54,"column":40},"end":{"line":54,"column":41}},"loc":{"start":{"line":54,"column":77},"end":{"line":57,"column":9}}},"6":{"name":"(anonymous_6)","decl":{"start":{"line":55,"column":29},"end":{"line":55,"column":30}},"loc":{"start":{"line":56,"column":12},"end":{"line":56,"column":63}}},"7":{"name":"(anonymous_7)","decl":{"start":{"line":58,"column":16},"end":{"line":58,"column":17}},"loc":{"start":{"line":58,"column":54},"end":{"line":58,"column":71}}},"8":{"name":"(anonymous_8)","decl":{"start":{"line":59,"column":39},"end":{"line":59,"column":40}},"loc":{"start":{"line":59,"column":76},"end":{"line":62,"column":5}}},"9":{"name":"interpretSyntax","decl":{"start":{"line":94,"column":0},"end":{"line":94,"column":44}},"loc":{"start":{"line":96,"column":48},"end":{"line":128,"column":1}}},"10":{"name":"(anonymous_10)","decl":{"start":{"line":120,"column":37},"end":{"line":120,"column":38}},"loc":{"start":{"line":121,"column":12},"end":{"line":122,"column":53}}},"11":{"name":"(anonymous_11)","decl":{"start":{"line":126,"column":12},"end":{"line":126,"column":13}},"loc":{"start":{"line":126,"column":57},"end":{"line":126,"column":72}}},"12":{"name":"deduplicateSyntaxInterpretations","decl":{"start":{"line":131,"column":0},"end":{"line":132,"column":4}},"loc":{"start":{"line":132,"column":52},"end":{"line":142,"column":1}}},"13":{"name":"(anonymous_13)","decl":{"start":{"line":134,"column":44},"end":{"line":134,"column":45}},"loc":{"start":{"line":134,"column":88},"end":{"line":141,"column":9}}},"14":{"name":"interpretCmd","decl":{"start":{"line":144,"column":0},"end":{"line":144,"column":41}},"loc":{"start":{"line":144,"column":70},"end":{"line":163,"column":1}}},"15":{"name":"(anonymous_15)","decl":{"start":{"line":150,"column":17},"end":{"line":150,"column":18}},"loc":{"start":{"line":151,"column":16},"end":{"line":151,"column":48}}},"16":{"name":"(anonymous_16)","decl":{"start":{"line":152,"column":20},"end":{"line":152,"column":21}},"loc":{"start":{"line":153,"column":20},"end":{"line":153,"column":61}}},"17":{"name":"isCmdResponse","decl":{"start":{"line":165,"column":0},"end":{"line":165,"column":22}},"loc":{"start":{"line":165,"column":44},"end":{"line":167,"column":1}}},"18":{"name":"isCmdListResponse","decl":{"start":{"line":169,"column":0},"end":{"line":169,"column":26}},"loc":{"start":{"line":169,"column":48},"end":{"line":171,"column":1}}},"19":{"name":"runCmd","decl":{"start":{"line":173,"column":0},"end":{"line":173,"column":35}},"loc":{"start":{"line":173,"column":61},"end":{"line":193,"column":1}}},"20":{"name":"runTopCmdInterpretation","decl":{"start":{"line":195,"column":0},"end":{"line":195,"column":52}},"loc":{"start":{"line":195,"column":89},"end":{"line":198,"column":1}}},"21":{"name":"cmdInterpretationToRunParams","decl":{"start":{"line":200,"column":0},"end":{"line":200,"column":57}},"loc":{"start":{"line":200,"column":101},"end":{"line":202,"column":1}}},"22":{"name":"topCmdInterpretationsToRunnables","decl":{"start":{"line":204,"column":0},"end":{"line":204,"column":41}},"loc":{"start":{"line":204,"column":77},"end":{"line":220,"column":1}}},"23":{"name":"(anonymous_23)","decl":{"start":{"line":209,"column":17},"end":{"line":209,"column":18}},"loc":{"start":{"line":209,"column":76},"end":{"line":212,"column":13}}},"24":{"name":"(anonymous_24)","decl":{"start":{"line":216,"column":43},"end":{"line":216,"column":44}},"loc":{"start":{"line":216,"column":96},"end":{"line":219,"column":5}}},"25":{"name":"(anonymous_25)","decl":{"start":{"line":227,"column":22},"end":{"line":227,"column":23}},"loc":{"start":{"line":227,"column":78},"end":{"line":268,"column":1}}},"26":{"name":"(anonymous_26)","decl":{"start":{"line":228,"column":62},"end":{"line":228,"column":63}},"loc":{"start":{"line":228,"column":86},"end":{"line":228,"column":110}}},"27":{"name":"(anonymous_27)","decl":{"start":{"line":231,"column":8},"end":{"line":231,"column":9}},"loc":{"start":{"line":232,"column":12},"end":{"line":232,"column":43}}},"28":{"name":"(anonymous_28)","decl":{"start":{"line":233,"column":13},"end":{"line":233,"column":14}},"loc":{"start":{"line":233,"column":65},"end":{"line":236,"column":47}}},"29":{"name":"(anonymous_29)","decl":{"start":{"line":235,"column":76},"end":{"line":235,"column":77}},"loc":{"start":{"line":236,"column":16},"end":{"line":236,"column":46}}},"30":{"name":"(anonymous_30)","decl":{"start":{"line":246,"column":32},"end":{"line":246,"column":33}},"loc":{"start":{"line":246,"column":61},"end":{"line":248,"column":9}}},"31":{"name":"(anonymous_31)","decl":{"start":{"line":254,"column":8},"end":{"line":254,"column":9}},"loc":{"start":{"line":255,"column":12},"end":{"line":255,"column":110}}},"32":{"name":"(anonymous_32)","decl":{"start":{"line":270,"column":33},"end":{"line":270,"column":34}},"loc":{"start":{"line":270,"column":103},"end":{"line":282,"column":1}}},"33":{"name":"(anonymous_33)","decl":{"start":{"line":272,"column":47},"end":{"line":272,"column":48}},"loc":{"start":{"line":273,"column":8},"end":{"line":274,"column":74}}},"34":{"name":"(anonymous_34)","decl":{"start":{"line":290,"column":25},"end":{"line":291,"column":4}},"loc":{"start":{"line":293,"column":52},"end":{"line":312,"column":5}}},"35":{"name":"(anonymous_35)","decl":{"start":{"line":314,"column":31},"end":{"line":314,"column":32}},"loc":{"start":{"line":314,"column":72},"end":{"line":314,"column":94}}}},"branchMap":{"0":{"loc":{"start":{"line":25,"column":4},"end":{"line":39,"column":5}},"type":"if","locations":[{"start":{"line":25,"column":4},"end":{"line":39,"column":5}},{"start":{"line":25,"column":4},"end":{"line":39,"column":5}}]},"1":{"loc":{"start":{"line":27,"column":8},"end":{"line":38,"column":9}},"type":"if","locations":[{"start":{"line":27,"column":8},"end":{"line":38,"column":9}},{"start":{"line":27,"column":8},"end":{"line":38,"column":9}}]},"2":{"loc":{"start":{"line":75,"column":12},"end":{"line":82,"column":13}},"type":"if","locations":[{"start":{"line":75,"column":12},"end":{"line":82,"column":13}},{"start":{"line":75,"column":12},"end":{"line":82,"column":13}}]},"3":{"loc":{"start":{"line":78,"column":16},"end":{"line":81,"column":17}},"type":"if","locations":[{"start":{"line":78,"column":16},"end":{"line":81,"column":17}},{"start":{"line":78,"column":16},"end":{"line":81,"column":17}}]},"4":{"loc":{"start":{"line":98,"column":4},"end":{"line":109,"column":5}},"type":"if","locations":[{"start":{"line":98,"column":4},"end":{"line":109,"column":5}},{"start":{"line":98,"column":4},"end":{"line":109,"column":5}}]},"5":{"loc":{"start":{"line":103,"column":8},"end":{"line":105,"column":9}},"type":"if","locations":[{"start":{"line":103,"column":8},"end":{"line":105,"column":9}},{"start":{"line":103,"column":8},"end":{"line":105,"column":9}}]},"6":{"loc":{"start":{"line":114,"column":4},"end":{"line":116,"column":5}},"type":"if","locations":[{"start":{"line":114,"column":4},"end":{"line":116,"column":5}},{"start":{"line":114,"column":4},"end":{"line":116,"column":5}}]},"7":{"loc":{"start":{"line":136,"column":12},"end":{"line":138,"column":13}},"type":"if","locations":[{"start":{"line":136,"column":12},"end":{"line":138,"column":13}},{"start":{"line":136,"column":12},"end":{"line":138,"column":13}}]},"8":{"loc":{"start":{"line":147,"column":4},"end":{"line":155,"column":5}},"type":"if","locations":[{"start":{"line":147,"column":4},"end":{"line":155,"column":5}},{"start":{"line":147,"column":4},"end":{"line":155,"column":5}}]},"9":{"loc":{"start":{"line":159,"column":60},"end":{"line":159,"column":62}},"type":"cond-expr","locations":[{"start":{"line":159,"column":60},"end":{"line":159,"column":62}},{"start":{"line":160,"column":12},"end":{"line":160,"column":66}}]},"10":{"loc":{"start":{"line":176,"column":4},"end":{"line":187,"column":5}},"type":"if","locations":[{"start":{"line":176,"column":4},"end":{"line":187,"column":5}},{"start":{"line":176,"column":4},"end":{"line":187,"column":5}}]},"11":{"loc":{"start":{"line":177,"column":8},"end":{"line":179,"column":9}},"type":"if","locations":[{"start":{"line":177,"column":8},"end":{"line":179,"column":9}},{"start":{"line":177,"column":8},"end":{"line":179,"column":9}}]},"12":{"loc":{"start":{"line":181,"column":8},"end":{"line":186,"column":9}},"type":"if","locations":[{"start":{"line":181,"column":8},"end":{"line":186,"column":9}},{"start":{"line":181,"column":8},"end":{"line":186,"column":9}}]},"13":{"loc":{"start":{"line":206,"column":4},"end":{"line":213,"column":5}},"type":"if","locations":[{"start":{"line":206,"column":4},"end":{"line":213,"column":5}},{"start":{"line":206,"column":4},"end":{"line":213,"column":5}}]},"14":{"loc":{"start":{"line":241,"column":4},"end":{"line":243,"column":5}},"type":"if","locations":[{"start":{"line":241,"column":4},"end":{"line":243,"column":5}},{"start":{"line":241,"column":4},"end":{"line":243,"column":5}}]},"15":{"loc":{"start":{"line":241,"column":8},"end":{"line":241,"column":36}},"type":"binary-expr","locations":[{"start":{"line":241,"column":8},"end":{"line":241,"column":36}},{"start":{"line":241,"column":40},"end":{"line":241,"column":97}}]},"16":{"loc":{"start":{"line":245,"column":4},"end":{"line":250,"column":5}},"type":"if","locations":[{"start":{"line":245,"column":4},"end":{"line":250,"column":5}},{"start":{"line":245,"column":4},"end":{"line":250,"column":5}}]},"17":{"loc":{"start":{"line":255,"column":12},"end":{"line":255,"column":67}},"type":"binary-expr","locations":[{"start":{"line":255,"column":12},"end":{"line":255,"column":67}},{"start":{"line":255,"column":71},"end":{"line":255,"column":110}}]},"18":{"loc":{"start":{"line":259,"column":4},"end":{"line":261,"column":5}},"type":"if","locations":[{"start":{"line":259,"column":4},"end":{"line":261,"column":5}},{"start":{"line":259,"column":4},"end":{"line":261,"column":5}}]},"19":{"loc":{"start":{"line":259,"column":8},"end":{"line":259,"column":41}},"type":"binary-expr","locations":[{"start":{"line":259,"column":8},"end":{"line":259,"column":41}},{"start":{"line":259,"column":45},"end":{"line":259,"column":101}}]},"20":{"loc":{"start":{"line":263,"column":4},"end":{"line":265,"column":5}},"type":"if","locations":[{"start":{"line":263,"column":4},"end":{"line":265,"column":5}},{"start":{"line":263,"column":4},"end":{"line":265,"column":5}}]},"21":{"loc":{"start":{"line":278,"column":4},"end":{"line":280,"column":5}},"type":"if","locations":[{"start":{"line":278,"column":4},"end":{"line":280,"column":5}},{"start":{"line":278,"column":4},"end":{"line":280,"column":5}}]},"22":{"loc":{"start":{"line":292,"column":39},"end":{"line":292,"column":41}},"type":"default-arg","locations":[{"start":{"line":292,"column":39},"end":{"line":292,"column":41}}]},"23":{"loc":{"start":{"line":296,"column":12},"end":{"line":298,"column":13}},"type":"if","locations":[{"start":{"line":296,"column":12},"end":{"line":298,"column":13}},{"start":{"line":296,"column":12},"end":{"line":298,"column":13}}]},"24":{"loc":{"start":{"line":299,"column":64},"end":{"line":299,"column":66}},"type":"cond-expr","locations":[{"start":{"line":299,"column":64},"end":{"line":299,"column":66}},{"start":{"line":299,"column":69},"end":{"line":299,"column":97}}]},"25":{"loc":{"start":{"line":308,"column":66},"end":{"line":308,"column":68}},"type":"cond-expr","locations":[{"start":{"line":308,"column":66},"end":{"line":308,"column":68}},{"start":{"line":308,"column":71},"end":{"line":308,"column":104}}]}},"s":{"0":519,"1":519,"2":29,"3":29,"4":0,"5":0,"6":0,"7":519,"8":3,"9":2738,"10":9788,"11":490,"12":490,"13":704,"14":938,"15":704,"16":490,"17":607,"18":607,"19":490,"20":490,"21":607,"22":490,"23":490,"24":938,"25":938,"26":938,"27":1922,"28":1922,"29":1511,"30":1511,"31":1511,"32":1016,"33":1016,"34":938,"35":938,"36":938,"37":490,"38":899,"39":380,"40":380,"41":272,"42":108,"43":519,"44":519,"45":519,"46":29,"47":490,"48":490,"49":841,"50":490,"51":841,"52":490,"53":58,"54":58,"55":272,"56":272,"57":220,"58":52,"59":52,"60":58,"61":58,"62":58,"63":58,"64":272,"65":272,"66":58,"67":7,"68":0,"69":15,"70":15,"71":7,"72":7,"73":0,"74":0,"75":8,"76":15,"77":15,"78":33,"79":65,"80":18,"81":18,"82":47,"83":0,"84":3,"85":3,"86":40,"87":58,"88":40,"89":58,"90":15,"91":17,"92":40,"93":40,"94":15,"95":25,"96":0,"97":0,"98":0,"99":25,"100":6,"101":25,"102":25,"103":0,"104":25,"105":3,"106":22,"107":3,"108":21,"109":21,"110":4,"111":21,"112":21,"113":19,"114":2,"115":3,"116":31,"117":9,"118":0,"119":9,"120":2,"121":21,"122":21,"123":3,"124":10},"f":{"0":519,"1":0,"2":2738,"3":9788,"4":490,"5":704,"6":938,"7":704,"8":607,"9":899,"10":841,"11":841,"12":58,"13":272,"14":58,"15":272,"16":272,"17":7,"18":0,"19":15,"20":15,"21":33,"22":65,"23":18,"24":0,"25":40,"26":58,"27":58,"28":15,"29":17,"30":0,"31":6,"32":21,"33":4,"34":31,"35":10},"b":{"0":[29,490],"1":[0,29],"2":[1511,411],"3":[1016,495],"4":[380,519],"5":[272,108],"6":[29,490],"7":[220,52],"8":[58,0],"9":[0,58],"10":[7,8],"11":[7,0],"12":[0,0],"13":[18,47],"14":[15,25],"15":[40,15],"16":[0,25],"17":[6,6],"18":[0,25],"19":[25,3],"20":[3,22],"21":[19,2],"22":[10],"23":[0,9],"24":[0,9],"25":[7,14]}}
,"C:\\Users\\Burt\\Documents\\FAlexa\\src\\phonetic\\numeric.ts": {"path":"C:\\Users\\Burt\\Documents\\FAlexa\\src\\phonetic\\numeric.ts","statementMap":{"0":{"start":{"line":8,"column":37},"end":{"line":8,"column":78}},"1":{"start":{"line":9,"column":32},"end":{"line":9,"column":79}},"2":{"start":{"line":10,"column":35},"end":{"line":15,"column":1}},"3":{"start":{"line":16,"column":23},"end":{"line":16,"column":96}},"4":{"start":{"line":17,"column":37},"end":{"line":17,"column":49}},"5":{"start":{"line":24,"column":27},"end":{"line":27,"column":2}},"6":{"start":{"line":24,"column":86},"end":{"line":27,"column":1}},"7":{"start":{"line":29,"column":44},"end":{"line":66,"column":1}},"8":{"start":{"line":30,"column":21},"end":{"line":30,"column":26}},"9":{"start":{"line":31,"column":20},"end":{"line":31,"column":21}},"10":{"start":{"line":32,"column":19},"end":{"line":32,"column":20}},"11":{"start":{"line":33,"column":36},"end":{"line":33,"column":38}},"12":{"start":{"line":35,"column":4},"end":{"line":63,"column":5}},"13":{"start":{"line":36,"column":8},"end":{"line":36,"column":21}},"14":{"start":{"line":37,"column":27},"end":{"line":37,"column":97}},"15":{"start":{"line":38,"column":8},"end":{"line":40,"column":9}},"16":{"start":{"line":39,"column":12},"end":{"line":39,"column":20}},"17":{"start":{"line":41,"column":8},"end":{"line":43,"column":9}},"18":{"start":{"line":42,"column":12},"end":{"line":42,"column":20}},"19":{"start":{"line":44,"column":8},"end":{"line":47,"column":9}},"20":{"start":{"line":45,"column":12},"end":{"line":45,"column":29}},"21":{"start":{"line":46,"column":12},"end":{"line":46,"column":20}},"22":{"start":{"line":49,"column":8},"end":{"line":49,"column":38}},"23":{"start":{"line":51,"column":8},"end":{"line":55,"column":9}},"24":{"start":{"line":53,"column":12},"end":{"line":53,"column":39}},"25":{"start":{"line":54,"column":12},"end":{"line":54,"column":20}},"26":{"start":{"line":57,"column":26},"end":{"line":57,"column":65}},"27":{"start":{"line":58,"column":8},"end":{"line":61,"column":9}},"28":{"start":{"line":59,"column":12},"end":{"line":59,"column":31}},"29":{"start":{"line":60,"column":12},"end":{"line":60,"column":17}},"30":{"start":{"line":62,"column":8},"end":{"line":62,"column":29}},"31":{"start":{"line":65,"column":4},"end":{"line":65,"column":62}},"32":{"start":{"line":71,"column":4},"end":{"line":99,"column":1}},"33":{"start":{"line":74,"column":4},"end":{"line":76,"column":5}},"34":{"start":{"line":75,"column":8},"end":{"line":75,"column":66}},"35":{"start":{"line":78,"column":25},"end":{"line":78,"column":107}},"36":{"start":{"line":80,"column":4},"end":{"line":82,"column":5}},"37":{"start":{"line":81,"column":8},"end":{"line":81,"column":95}},"38":{"start":{"line":83,"column":4},"end":{"line":85,"column":5}},"39":{"start":{"line":84,"column":8},"end":{"line":84,"column":103}},"40":{"start":{"line":86,"column":4},"end":{"line":88,"column":5}},"41":{"start":{"line":87,"column":8},"end":{"line":87,"column":97}},"42":{"start":{"line":89,"column":4},"end":{"line":91,"column":5}},"43":{"start":{"line":90,"column":8},"end":{"line":90,"column":118}},"44":{"start":{"line":93,"column":22},"end":{"line":93,"column":46}},"45":{"start":{"line":94,"column":22},"end":{"line":94,"column":57}},"46":{"start":{"line":95,"column":4},"end":{"line":97,"column":5}},"47":{"start":{"line":96,"column":8},"end":{"line":96,"column":66}},"48":{"start":{"line":98,"column":4},"end":{"line":98,"column":95}},"49":{"start":{"line":101,"column":35},"end":{"line":101,"column":83}},"50":{"start":{"line":101,"column":56},"end":{"line":101,"column":83}},"51":{"start":{"line":103,"column":45},"end":{"line":103,"column":108}},"52":{"start":{"line":103,"column":66},"end":{"line":103,"column":108}}},"fnMap":{"0":{"name":"(anonymous_0)","decl":{"start":{"line":24,"column":27},"end":{"line":24,"column":28}},"loc":{"start":{"line":24,"column":86},"end":{"line":27,"column":1}}},"1":{"name":"(anonymous_1)","decl":{"start":{"line":29,"column":44},"end":{"line":29,"column":45}},"loc":{"start":{"line":29,"column":78},"end":{"line":66,"column":1}}},"2":{"name":"(anonymous_2)","decl":{"start":{"line":71,"column":4},"end":{"line":71,"column":5}},"loc":{"start":{"line":72,"column":126},"end":{"line":99,"column":1}}},"3":{"name":"(anonymous_3)","decl":{"start":{"line":101,"column":35},"end":{"line":101,"column":36}},"loc":{"start":{"line":101,"column":56},"end":{"line":101,"column":83}}},"4":{"name":"(anonymous_4)","decl":{"start":{"line":103,"column":45},"end":{"line":103,"column":46}},"loc":{"start":{"line":103,"column":66},"end":{"line":103,"column":108}}}},"branchMap":{"0":{"loc":{"start":{"line":25,"column":33},"end":{"line":25,"column":35}},"type":"cond-expr","locations":[{"start":{"line":25,"column":33},"end":{"line":25,"column":35}},{"start":{"line":25,"column":38},"end":{"line":25,"column":39}}]},"1":{"loc":{"start":{"line":37,"column":67},"end":{"line":37,"column":71}},"type":"cond-expr","locations":[{"start":{"line":37,"column":67},"end":{"line":37,"column":71}},{"start":{"line":37,"column":74},"end":{"line":37,"column":97}}]},"2":{"loc":{"start":{"line":38,"column":8},"end":{"line":40,"column":9}},"type":"if","locations":[{"start":{"line":38,"column":8},"end":{"line":40,"column":9}},{"start":{"line":38,"column":8},"end":{"line":40,"column":9}}]},"3":{"loc":{"start":{"line":38,"column":12},"end":{"line":38,"column":33}},"type":"binary-expr","locations":[{"start":{"line":38,"column":12},"end":{"line":38,"column":33}},{"start":{"line":38,"column":38},"end":{"line":38,"column":52}},{"start":{"line":38,"column":56},"end":{"line":38,"column":71}}]},"4":{"loc":{"start":{"line":41,"column":8},"end":{"line":43,"column":9}},"type":"if","locations":[{"start":{"line":41,"column":8},"end":{"line":43,"column":9}},{"start":{"line":41,"column":8},"end":{"line":43,"column":9}}]},"5":{"loc":{"start":{"line":44,"column":8},"end":{"line":47,"column":9}},"type":"if","locations":[{"start":{"line":44,"column":8},"end":{"line":47,"column":9}},{"start":{"line":44,"column":8},"end":{"line":47,"column":9}}]},"6":{"loc":{"start":{"line":44,"column":12},"end":{"line":44,"column":48}},"type":"binary-expr","locations":[{"start":{"line":44,"column":12},"end":{"line":44,"column":48}},{"start":{"line":44,"column":52},"end":{"line":44,"column":66}}]},"7":{"loc":{"start":{"line":51,"column":8},"end":{"line":55,"column":9}},"type":"if","locations":[{"start":{"line":51,"column":8},"end":{"line":55,"column":9}},{"start":{"line":51,"column":8},"end":{"line":55,"column":9}}]},"8":{"loc":{"start":{"line":51,"column":12},"end":{"line":51,"column":49}},"type":"binary-expr","locations":[{"start":{"line":51,"column":12},"end":{"line":51,"column":49}},{"start":{"line":52,"column":12},"end":{"line":52,"column":39}}]},"9":{"loc":{"start":{"line":58,"column":8},"end":{"line":61,"column":9}},"type":"if","locations":[{"start":{"line":58,"column":8},"end":{"line":61,"column":9}},{"start":{"line":58,"column":8},"end":{"line":61,"column":9}}]},"10":{"loc":{"start":{"line":58,"column":12},"end":{"line":58,"column":32}},"type":"binary-expr","locations":[{"start":{"line":58,"column":12},"end":{"line":58,"column":32}},{"start":{"line":58,"column":36},"end":{"line":58,"column":57}}]},"11":{"loc":{"start":{"line":72,"column":24},"end":{"line":72,"column":27}},"type":"default-arg","locations":[{"start":{"line":72,"column":24},"end":{"line":72,"column":27}}]},"12":{"loc":{"start":{"line":72,"column":55},"end":{"line":72,"column":57}},"type":"default-arg","locations":[{"start":{"line":72,"column":55},"end":{"line":72,"column":57}}]},"13":{"loc":{"start":{"line":72,"column":78},"end":{"line":72,"column":79}},"type":"default-arg","locations":[{"start":{"line":72,"column":78},"end":{"line":72,"column":79}}]},"14":{"loc":{"start":{"line":72,"column":103},"end":{"line":72,"column":108}},"type":"default-arg","locations":[{"start":{"line":72,"column":103},"end":{"line":72,"column":108}}]},"15":{"loc":{"start":{"line":74,"column":4},"end":{"line":76,"column":5}},"type":"if","locations":[{"start":{"line":74,"column":4},"end":{"line":76,"column":5}},{"start":{"line":74,"column":4},"end":{"line":76,"column":5}}]},"16":{"loc":{"start":{"line":78,"column":69},"end":{"line":78,"column":77}},"type":"cond-expr","locations":[{"start":{"line":78,"column":69},"end":{"line":78,"column":77}},{"start":{"line":78,"column":80},"end":{"line":78,"column":107}}]},"17":{"loc":{"start":{"line":80,"column":4},"end":{"line":82,"column":5}},"type":"if","locations":[{"start":{"line":80,"column":4},"end":{"line":82,"column":5}},{"start":{"line":80,"column":4},"end":{"line":82,"column":5}}]},"18":{"loc":{"start":{"line":80,"column":8},"end":{"line":80,"column":23}},"type":"binary-expr","locations":[{"start":{"line":80,"column":8},"end":{"line":80,"column":23}},{"start":{"line":80,"column":28},"end":{"line":80,"column":42}},{"start":{"line":80,"column":46},"end":{"line":80,"column":61}}]},"19":{"loc":{"start":{"line":83,"column":4},"end":{"line":85,"column":5}},"type":"if","locations":[{"start":{"line":83,"column":4},"end":{"line":85,"column":5}},{"start":{"line":83,"column":4},"end":{"line":85,"column":5}}]},"20":{"loc":{"start":{"line":86,"column":4},"end":{"line":88,"column":5}},"type":"if","locations":[{"start":{"line":86,"column":4},"end":{"line":88,"column":5}},{"start":{"line":86,"column":4},"end":{"line":88,"column":5}}]},"21":{"loc":{"start":{"line":86,"column":8},"end":{"line":86,"column":44}},"type":"binary-expr","locations":[{"start":{"line":86,"column":8},"end":{"line":86,"column":44}},{"start":{"line":86,"column":48},"end":{"line":86,"column":62}}]},"22":{"loc":{"start":{"line":89,"column":4},"end":{"line":91,"column":5}},"type":"if","locations":[{"start":{"line":89,"column":4},"end":{"line":91,"column":5}},{"start":{"line":89,"column":4},"end":{"line":91,"column":5}}]},"23":{"loc":{"start":{"line":89,"column":8},"end":{"line":89,"column":39}},"type":"binary-expr","locations":[{"start":{"line":89,"column":8},"end":{"line":89,"column":39}},{"start":{"line":89,"column":43},"end":{"line":89,"column":70}}]},"24":{"loc":{"start":{"line":95,"column":4},"end":{"line":97,"column":5}},"type":"if","locations":[{"start":{"line":95,"column":4},"end":{"line":97,"column":5}},{"start":{"line":95,"column":4},"end":{"line":97,"column":5}}]},"25":{"loc":{"start":{"line":95,"column":8},"end":{"line":95,"column":28}},"type":"binary-expr","locations":[{"start":{"line":95,"column":8},"end":{"line":95,"column":28}},{"start":{"line":95,"column":32},"end":{"line":95,"column":53}}]}},"s":{"0":3,"1":3,"2":3,"3":3,"4":3,"5":3,"6":69,"7":3,"8":0,"9":0,"10":0,"11":0,"12":0,"13":0,"14":0,"15":0,"16":0,"17":0,"18":0,"19":0,"20":0,"21":0,"22":0,"23":0,"24":0,"25":0,"26":0,"27":0,"28":0,"29":0,"30":0,"31":0,"32":3,"33":80,"34":27,"35":53,"36":53,"37":0,"38":53,"39":0,"40":53,"41":0,"42":53,"43":1,"44":52,"45":52,"46":52,"47":42,"48":10,"49":3,"50":69,"51":3,"52":0},"f":{"0":69,"1":0,"2":80,"3":69,"4":0},"b":{"0":[0,69],"1":[0,0],"2":[0,0],"3":[0,0,0],"4":[0,0],"5":[0,0],"6":[0,0],"7":[0,0],"8":[0,0],"9":[0,0],"10":[0,0],"11":[69],"12":[69],"13":[69],"14":[69],"15":[27,53],"16":[52,1],"17":[0,53],"18":[53,0,0],"19":[0,53],"20":[0,53],"21":[53,0],"22":[1,52],"23":[53,1],"24":[42,10],"25":[52,10]}}
,"C:\\Users\\Burt\\Documents\\FAlexa\\src\\phonetic\\publicInterfaces.ts": {"path":"C:\\Users\\Burt\\Documents\\FAlexa\\src\\phonetic\\publicInterfaces.ts","statementMap":{"0":{"start":{"line":69,"column":0},"end":{"line":73,"column":1}},"1":{"start":{"line":70,"column":4},"end":{"line":70,"column":17}},"2":{"start":{"line":71,"column":4},"end":{"line":71,"column":15}},"3":{"start":{"line":72,"column":4},"end":{"line":72,"column":12}}},"fnMap":{"0":{"name":"(anonymous_0)","decl":{"start":{"line":69,"column":0},"end":{"line":69,"column":11}},"loc":{"start":{"line":69,"column":19},"end":{"line":73,"column":1}}}},"branchMap":{"0":{"loc":{"start":{"line":69,"column":12},"end":{"line":69,"column":19}},"type":"binary-expr","locations":[{"start":{"line":69,"column":12},"end":{"line":69,"column":19}},{"start":{"line":69,"column":12},"end":{"line":69,"column":19}}]}},"s":{"0":3,"1":3,"2":3,"3":3},"f":{"0":3},"b":{"0":[3,3]}}
,"C:\\Users\\Burt\\Documents\\FAlexa\\src\\phonetic\\sort.ts": {"path":"C:\\Users\\Burt\\Documents\\FAlexa\\src\\phonetic\\sort.ts","statementMap":{"0":{"start":{"line":12,"column":21},"end":{"line":13,"column":53}},"1":{"start":{"line":13,"column":8},"end":{"line":13,"column":52}},"2":{"start":{"line":14,"column":4},"end":{"line":24,"column":5}},"3":{"start":{"line":15,"column":24},"end":{"line":15,"column":32}},"4":{"start":{"line":16,"column":8},"end":{"line":21,"column":10}},"5":{"start":{"line":17,"column":23},"end":{"line":17,"column":33}},"6":{"start":{"line":18,"column":23},"end":{"line":18,"column":33}},"7":{"start":{"line":19,"column":12},"end":{"line":20,"column":50}},"8":{"start":{"line":22,"column":8},"end":{"line":22,"column":57}},"9":{"start":{"line":23,"column":8},"end":{"line":23,"column":22}},"10":{"start":{"line":25,"column":4},"end":{"line":25,"column":19}},"11":{"start":{"line":29,"column":4},"end":{"line":29,"column":57}},"12":{"start":{"line":29,"column":55},"end":{"line":29,"column":56}},"13":{"start":{"line":33,"column":4},"end":{"line":34,"column":43}},"14":{"start":{"line":33,"column":61},"end":{"line":33,"column":83}}},"fnMap":{"0":{"name":"trim","decl":{"start":{"line":11,"column":6},"end":{"line":11,"column":23}},"loc":{"start":{"line":11,"column":64},"end":{"line":26,"column":1}}},"1":{"name":"(anonymous_1)","decl":{"start":{"line":12,"column":37},"end":{"line":12,"column":38}},"loc":{"start":{"line":13,"column":8},"end":{"line":13,"column":52}}},"2":{"name":"(anonymous_2)","decl":{"start":{"line":16,"column":21},"end":{"line":16,"column":22}},"loc":{"start":{"line":16,"column":36},"end":{"line":21,"column":9}}},"3":{"name":"trimf","decl":{"start":{"line":28,"column":6},"end":{"line":28,"column":21}},"loc":{"start":{"line":28,"column":53},"end":{"line":30,"column":1}}},"4":{"name":"(anonymous_4)","decl":{"start":{"line":29,"column":26},"end":{"line":29,"column":27}},"loc":{"start":{"line":29,"column":55},"end":{"line":29,"column":56}}},"5":{"name":"trimd","decl":{"start":{"line":32,"column":6},"end":{"line":32,"column":41}},"loc":{"start":{"line":32,"column":114},"end":{"line":35,"column":1}}},"6":{"name":"(anonymous_6)","decl":{"start":{"line":33,"column":26},"end":{"line":33,"column":27}},"loc":{"start":{"line":33,"column":61},"end":{"line":33,"column":83}}}},"branchMap":{"0":{"loc":{"start":{"line":14,"column":4},"end":{"line":24,"column":5}},"type":"if","locations":[{"start":{"line":14,"column":4},"end":{"line":24,"column":5}},{"start":{"line":14,"column":4},"end":{"line":24,"column":5}}]},"1":{"loc":{"start":{"line":19,"column":47},"end":{"line":19,"column":48}},"type":"cond-expr","locations":[{"start":{"line":19,"column":47},"end":{"line":19,"column":48}},{"start":{"line":20,"column":17},"end":{"line":20,"column":49}}]},"2":{"loc":{"start":{"line":20,"column":43},"end":{"line":20,"column":44}},"type":"cond-expr","locations":[{"start":{"line":20,"column":43},"end":{"line":20,"column":44}},{"start":{"line":20,"column":47},"end":{"line":20,"column":49}}]}},"s":{"0":1411,"1":2549,"2":1411,"3":663,"4":663,"5":1465,"6":1465,"7":1465,"8":663,"9":663,"10":748,"11":892,"12":3526,"13":519,"14":2616},"f":{"0":1411,"1":2549,"2":1465,"3":892,"4":3526,"5":519,"6":2616},"b":{"0":[663,748],"1":[407,1058],"2":[399,659]}}
,"C:\\Users\\Burt\\Documents\\FAlexa\\src\\phonetic\\stopwords.ts": {"path":"C:\\Users\\Burt\\Documents\\FAlexa\\src\\phonetic\\stopwords.ts","statementMap":{"0":{"start":{"line":2,"column":35},"end":{"line":2,"column":9734}}},"fnMap":{},"branchMap":{},"s":{"0":3},"f":{},"b":{}}
,"C:\\Users\\Burt\\Documents\\FAlexa\\src\\phonetic\\syntax.ts": {"path":"C:\\Users\\Burt\\Documents\\FAlexa\\src\\phonetic\\syntax.ts","statementMap":{"0":{"start":{"line":12,"column":4},"end":{"line":12,"column":59}},"1":{"start":{"line":12,"column":46},"end":{"line":12,"column":59}},"2":{"start":{"line":15,"column":21},"end":{"line":22,"column":5}},"3":{"start":{"line":16,"column":4},"end":{"line":22,"column":5}},"4":{"start":{"line":17,"column":8},"end":{"line":21,"column":11}},"5":{"start":{"line":17,"column":78},"end":{"line":20,"column":49}},"6":{"start":{"line":25,"column":25},"end":{"line":62,"column":5}},"7":{"start":{"line":26,"column":4},"end":{"line":62,"column":5}},"8":{"start":{"line":27,"column":63},"end":{"line":27,"column":65}},"9":{"start":{"line":28,"column":8},"end":{"line":59,"column":10}},"10":{"start":{"line":29,"column":27},"end":{"line":29,"column":32}},"11":{"start":{"line":30,"column":60},"end":{"line":30,"column":62}},"12":{"start":{"line":31,"column":12},"end":{"line":55,"column":13}},"13":{"start":{"line":32,"column":16},"end":{"line":54,"column":17}},"14":{"start":{"line":33,"column":39},"end":{"line":33,"column":53}},"15":{"start":{"line":34,"column":44},"end":{"line":34,"column":65}},"16":{"start":{"line":35,"column":38},"end":{"line":35,"column":99}},"17":{"start":{"line":36,"column":56},"end":{"line":36,"column":94}},"18":{"start":{"line":37,"column":42},"end":{"line":37,"column":74}},"19":{"start":{"line":38,"column":37},"end":{"line":38,"column":92}},"20":{"start":{"line":39,"column":43},"end":{"line":44,"column":21}},"21":{"start":{"line":47,"column":20},"end":{"line":51,"column":21}},"22":{"start":{"line":48,"column":24},"end":{"line":48,"column":71}},"23":{"start":{"line":49,"column":24},"end":{"line":49,"column":39}},"24":{"start":{"line":50,"column":24},"end":{"line":50,"column":29}},"25":{"start":{"line":53,"column":20},"end":{"line":53,"column":60}},"26":{"start":{"line":56,"column":12},"end":{"line":58,"column":13}},"27":{"start":{"line":57,"column":16},"end":{"line":57,"column":65}},"28":{"start":{"line":61,"column":8},"end":{"line":61,"column":45}},"29":{"start":{"line":64,"column":30},"end":{"line":70,"column":5}},"30":{"start":{"line":65,"column":4},"end":{"line":70,"column":5}},"31":{"start":{"line":66,"column":8},"end":{"line":69,"column":11}},"32":{"start":{"line":66,"column":81},"end":{"line":68,"column":75}},"33":{"start":{"line":76,"column":34},"end":{"line":78,"column":1}},"34":{"start":{"line":77,"column":4},"end":{"line":77,"column":99}},"35":{"start":{"line":79,"column":35},"end":{"line":89,"column":1}},"36":{"start":{"line":80,"column":55},"end":{"line":80,"column":57}},"37":{"start":{"line":81,"column":4},"end":{"line":87,"column":6}},"38":{"start":{"line":82,"column":20},"end":{"line":82,"column":61}},"39":{"start":{"line":83,"column":30},"end":{"line":83,"column":110}},"40":{"start":{"line":84,"column":8},"end":{"line":86,"column":9}},"41":{"start":{"line":85,"column":12},"end":{"line":85,"column":51}},"42":{"start":{"line":88,"column":4},"end":{"line":88,"column":28}},"43":{"start":{"line":91,"column":32},"end":{"line":106,"column":1}},"44":{"start":{"line":92,"column":44},"end":{"line":92,"column":46}},"45":{"start":{"line":93,"column":20},"end":{"line":93,"column":64}},"46":{"start":{"line":94,"column":4},"end":{"line":104,"column":5}},"47":{"start":{"line":95,"column":8},"end":{"line":103,"column":9}},"48":{"start":{"line":96,"column":12},"end":{"line":99,"column":13}},"49":{"start":{"line":102,"column":12},"end":{"line":102,"column":73}},"50":{"start":{"line":105,"column":4},"end":{"line":105,"column":17}},"51":{"start":{"line":108,"column":36},"end":{"line":119,"column":1}},"52":{"start":{"line":109,"column":49},"end":{"line":109,"column":51}},"53":{"start":{"line":110,"column":4},"end":{"line":117,"column":5}},"54":{"start":{"line":111,"column":8},"end":{"line":116,"column":9}},"55":{"start":{"line":112,"column":12},"end":{"line":115,"column":13}},"56":{"start":{"line":118,"column":4},"end":{"line":118,"column":22}},"57":{"start":{"line":122,"column":17},"end":{"line":130,"column":5}},"58":{"start":{"line":123,"column":4},"end":{"line":130,"column":5}},"59":{"start":{"line":124,"column":49},"end":{"line":124,"column":51}},"60":{"start":{"line":125,"column":27},"end":{"line":125,"column":78}},"61":{"start":{"line":125,"column":60},"end":{"line":125,"column":77}},"62":{"start":{"line":126,"column":8},"end":{"line":128,"column":10}},"63":{"start":{"line":127,"column":12},"end":{"line":127,"column":94}},"64":{"start":{"line":129,"column":8},"end":{"line":129,"column":81}},"65":{"start":{"line":129,"column":65},"end":{"line":129,"column":79}},"66":{"start":{"line":134,"column":18},"end":{"line":150,"column":5}},"67":{"start":{"line":135,"column":4},"end":{"line":150,"column":5}},"68":{"start":{"line":136,"column":39},"end":{"line":136,"column":41}},"69":{"start":{"line":137,"column":27},"end":{"line":137,"column":78}},"70":{"start":{"line":137,"column":60},"end":{"line":137,"column":77}},"71":{"start":{"line":138,"column":8},"end":{"line":147,"column":10}},"72":{"start":{"line":139,"column":12},"end":{"line":146,"column":13}},"73":{"start":{"line":140,"column":16},"end":{"line":140,"column":77}},"74":{"start":{"line":143,"column":16},"end":{"line":145,"column":55}},"75":{"start":{"line":149,"column":8},"end":{"line":149,"column":41}},"76":{"start":{"line":166,"column":18},"end":{"line":182,"column":5}},"77":{"start":{"line":167,"column":4},"end":{"line":182,"column":5}},"78":{"start":{"line":168,"column":8},"end":{"line":181,"column":12}},"79":{"start":{"line":169,"column":12},"end":{"line":180,"column":14}},"80":{"start":{"line":170,"column":37},"end":{"line":170,"column":86}},"81":{"start":{"line":171,"column":38},"end":{"line":171,"column":93}},"82":{"start":{"line":172,"column":37},"end":{"line":172,"column":55}},"83":{"start":{"line":174,"column":16},"end":{"line":179,"column":17}},"84":{"start":{"line":184,"column":22},"end":{"line":187,"column":5}},"85":{"start":{"line":185,"column":4},"end":{"line":187,"column":5}},"86":{"start":{"line":186,"column":8},"end":{"line":186,"column":78}},"87":{"start":{"line":189,"column":27},"end":{"line":200,"column":1}},"88":{"start":{"line":190,"column":4},"end":{"line":192,"column":5}},"89":{"start":{"line":191,"column":8},"end":{"line":191,"column":57}},"90":{"start":{"line":193,"column":22},"end":{"line":193,"column":58}},"91":{"start":{"line":194,"column":4},"end":{"line":198,"column":6}},"92":{"start":{"line":195,"column":8},"end":{"line":197,"column":9}},"93":{"start":{"line":196,"column":12},"end":{"line":196,"column":91}},"94":{"start":{"line":199,"column":4},"end":{"line":199,"column":20}},"95":{"start":{"line":203,"column":19},"end":{"line":228,"column":1}},"96":{"start":{"line":204,"column":22},"end":{"line":204,"column":57}},"97":{"start":{"line":206,"column":4},"end":{"line":227,"column":5}},"98":{"start":{"line":207,"column":8},"end":{"line":226,"column":11}},"99":{"start":{"line":208,"column":12},"end":{"line":218,"column":13}},"100":{"start":{"line":209,"column":37},"end":{"line":209,"column":89}},"101":{"start":{"line":210,"column":33},"end":{"line":210,"column":91}},"102":{"start":{"line":211,"column":16},"end":{"line":217,"column":17}},"103":{"start":{"line":212,"column":20},"end":{"line":216,"column":21}},"104":{"start":{"line":220,"column":33},"end":{"line":220,"column":73}},"105":{"start":{"line":221,"column":12},"end":{"line":225,"column":13}},"106":{"start":{"line":230,"column":23},"end":{"line":233,"column":5}},"107":{"start":{"line":231,"column":4},"end":{"line":233,"column":5}},"108":{"start":{"line":232,"column":8},"end":{"line":232,"column":79}},"109":{"start":{"line":235,"column":22},"end":{"line":258,"column":5}},"110":{"start":{"line":236,"column":4},"end":{"line":258,"column":5}},"111":{"start":{"line":237,"column":8},"end":{"line":257,"column":10}},"112":{"start":{"line":238,"column":33},"end":{"line":238,"column":74}},"113":{"start":{"line":240,"column":12},"end":{"line":256,"column":13}},"114":{"start":{"line":243,"column":16},"end":{"line":248,"column":17}},"115":{"start":{"line":250,"column":16},"end":{"line":255,"column":17}},"116":{"start":{"line":260,"column":19},"end":{"line":263,"column":43}},"117":{"start":{"line":261,"column":4},"end":{"line":263,"column":43}},"118":{"start":{"line":266,"column":4},"end":{"line":271,"column":5}},"119":{"start":{"line":267,"column":8},"end":{"line":270,"column":14}},"120":{"start":{"line":272,"column":4},"end":{"line":272,"column":31}},"121":{"start":{"line":277,"column":4},"end":{"line":295,"column":5}},"122":{"start":{"line":278,"column":57},"end":{"line":284,"column":9}},"123":{"start":{"line":286,"column":40},"end":{"line":286,"column":75}},"124":{"start":{"line":288,"column":8},"end":{"line":294,"column":10}},"125":{"start":{"line":289,"column":12},"end":{"line":293,"column":13}},"126":{"start":{"line":304,"column":20},"end":{"line":306,"column":25}},"127":{"start":{"line":309,"column":4},"end":{"line":323,"column":9}},"128":{"start":{"line":309,"column":106},"end":{"line":323,"column":9}},"129":{"start":{"line":329,"column":19},"end":{"line":329,"column":79}},"130":{"start":{"line":329,"column":53},"end":{"line":329,"column":79}},"131":{"start":{"line":332,"column":22},"end":{"line":333,"column":45}},"132":{"start":{"line":333,"column":4},"end":{"line":333,"column":45}},"133":{"start":{"line":336,"column":23},"end":{"line":336,"column":74}},"134":{"start":{"line":336,"column":43},"end":{"line":336,"column":74}},"135":{"start":{"line":339,"column":22},"end":{"line":339,"column":87}},"136":{"start":{"line":339,"column":42},"end":{"line":339,"column":87}},"137":{"start":{"line":344,"column":22},"end":{"line":344,"column":109}},"138":{"start":{"line":344,"column":78},"end":{"line":344,"column":109}},"139":{"start":{"line":347,"column":20},"end":{"line":347,"column":74}},"140":{"start":{"line":347,"column":57},"end":{"line":347,"column":74}},"141":{"start":{"line":350,"column":26},"end":{"line":351,"column":56}},"142":{"start":{"line":351,"column":4},"end":{"line":351,"column":56}},"143":{"start":{"line":354,"column":24},"end":{"line":354,"column":90}},"144":{"start":{"line":354,"column":61},"end":{"line":354,"column":90}},"145":{"start":{"line":360,"column":18},"end":{"line":360,"column":58}},"146":{"start":{"line":360,"column":41},"end":{"line":360,"column":58}},"147":{"start":{"line":364,"column":19},"end":{"line":364,"column":60}},"148":{"start":{"line":364,"column":42},"end":{"line":364,"column":60}},"149":{"start":{"line":369,"column":19},"end":{"line":369,"column":105}},"150":{"start":{"line":369,"column":77},"end":{"line":369,"column":105}},"151":{"start":{"line":372,"column":22},"end":{"line":372,"column":136}},"152":{"start":{"line":372,"column":95},"end":{"line":372,"column":136}},"153":{"start":{"line":376,"column":20},"end":{"line":376,"column":107}},"154":{"start":{"line":376,"column":78},"end":{"line":376,"column":107}},"155":{"start":{"line":379,"column":23},"end":{"line":379,"column":138}},"156":{"start":{"line":379,"column":96},"end":{"line":379,"column":138}},"157":{"start":{"line":383,"column":23},"end":{"line":384,"column":35}},"158":{"start":{"line":384,"column":4},"end":{"line":384,"column":35}}},"fnMap":{"0":{"name":"(anonymous_0)","decl":{"start":{"line":12,"column":4},"end":{"line":12,"column":5}},"loc":{"start":{"line":12,"column":46},"end":{"line":12,"column":59}}},"1":{"name":"(anonymous_1)","decl":{"start":{"line":15,"column":21},"end":{"line":15,"column":22}},"loc":{"start":{"line":16,"column":4},"end":{"line":22,"column":5}}},"2":{"name":"(anonymous_2)","decl":{"start":{"line":16,"column":4},"end":{"line":16,"column":5}},"loc":{"start":{"line":16,"column":68},"end":{"line":22,"column":5}}},"3":{"name":"(anonymous_3)","decl":{"start":{"line":17,"column":44},"end":{"line":17,"column":45}},"loc":{"start":{"line":17,"column":78},"end":{"line":20,"column":49}}},"4":{"name":"(anonymous_4)","decl":{"start":{"line":25,"column":25},"end":{"line":25,"column":26}},"loc":{"start":{"line":26,"column":4},"end":{"line":62,"column":5}}},"5":{"name":"(anonymous_5)","decl":{"start":{"line":26,"column":4},"end":{"line":26,"column":5}},"loc":{"start":{"line":26,"column":68},"end":{"line":62,"column":5}}},"6":{"name":"(anonymous_6)","decl":{"start":{"line":28,"column":41},"end":{"line":28,"column":42}},"loc":{"start":{"line":28,"column":82},"end":{"line":59,"column":9}}},"7":{"name":"(anonymous_7)","decl":{"start":{"line":64,"column":30},"end":{"line":64,"column":31}},"loc":{"start":{"line":65,"column":4},"end":{"line":70,"column":5}}},"8":{"name":"(anonymous_8)","decl":{"start":{"line":65,"column":4},"end":{"line":65,"column":5}},"loc":{"start":{"line":65,"column":63},"end":{"line":70,"column":5}}},"9":{"name":"(anonymous_9)","decl":{"start":{"line":66,"column":39},"end":{"line":66,"column":40}},"loc":{"start":{"line":66,"column":81},"end":{"line":68,"column":75}}},"10":{"name":"(anonymous_10)","decl":{"start":{"line":76,"column":34},"end":{"line":76,"column":35}},"loc":{"start":{"line":76,"column":83},"end":{"line":78,"column":1}}},"11":{"name":"(anonymous_11)","decl":{"start":{"line":79,"column":35},"end":{"line":79,"column":36}},"loc":{"start":{"line":79,"column":103},"end":{"line":89,"column":1}}},"12":{"name":"(anonymous_12)","decl":{"start":{"line":81,"column":28},"end":{"line":81,"column":29}},"loc":{"start":{"line":81,"column":69},"end":{"line":87,"column":5}}},"13":{"name":"(anonymous_13)","decl":{"start":{"line":91,"column":32},"end":{"line":91,"column":33}},"loc":{"start":{"line":91,"column":122},"end":{"line":106,"column":1}}},"14":{"name":"(anonymous_14)","decl":{"start":{"line":108,"column":36},"end":{"line":108,"column":37}},"loc":{"start":{"line":108,"column":126},"end":{"line":119,"column":1}}},"15":{"name":"(anonymous_15)","decl":{"start":{"line":122,"column":17},"end":{"line":122,"column":18}},"loc":{"start":{"line":123,"column":4},"end":{"line":130,"column":5}}},"16":{"name":"(anonymous_16)","decl":{"start":{"line":123,"column":4},"end":{"line":123,"column":5}},"loc":{"start":{"line":123,"column":63},"end":{"line":130,"column":5}}},"17":{"name":"(anonymous_17)","decl":{"start":{"line":125,"column":39},"end":{"line":125,"column":40}},"loc":{"start":{"line":125,"column":60},"end":{"line":125,"column":77}}},"18":{"name":"(anonymous_18)","decl":{"start":{"line":126,"column":27},"end":{"line":126,"column":28}},"loc":{"start":{"line":126,"column":61},"end":{"line":128,"column":9}}},"19":{"name":"(anonymous_19)","decl":{"start":{"line":129,"column":48},"end":{"line":129,"column":49}},"loc":{"start":{"line":129,"column":65},"end":{"line":129,"column":79}}},"20":{"name":"(anonymous_20)","decl":{"start":{"line":134,"column":18},"end":{"line":134,"column":19}},"loc":{"start":{"line":135,"column":4},"end":{"line":150,"column":5}}},"21":{"name":"(anonymous_21)","decl":{"start":{"line":135,"column":4},"end":{"line":135,"column":5}},"loc":{"start":{"line":135,"column":63},"end":{"line":150,"column":5}}},"22":{"name":"(anonymous_22)","decl":{"start":{"line":137,"column":39},"end":{"line":137,"column":40}},"loc":{"start":{"line":137,"column":60},"end":{"line":137,"column":77}}},"23":{"name":"(anonymous_23)","decl":{"start":{"line":138,"column":27},"end":{"line":138,"column":28}},"loc":{"start":{"line":138,"column":72},"end":{"line":147,"column":9}}},"24":{"name":"(anonymous_24)","decl":{"start":{"line":166,"column":18},"end":{"line":166,"column":19}},"loc":{"start":{"line":167,"column":4},"end":{"line":182,"column":5}}},"25":{"name":"(anonymous_25)","decl":{"start":{"line":167,"column":4},"end":{"line":167,"column":5}},"loc":{"start":{"line":167,"column":68},"end":{"line":182,"column":5}}},"26":{"name":"(anonymous_26)","decl":{"start":{"line":168,"column":58},"end":{"line":168,"column":59}},"loc":{"start":{"line":168,"column":122},"end":{"line":181,"column":9}}},"27":{"name":"(anonymous_27)","decl":{"start":{"line":169,"column":39},"end":{"line":169,"column":40}},"loc":{"start":{"line":169,"column":59},"end":{"line":180,"column":13}}},"28":{"name":"(anonymous_28)","decl":{"start":{"line":184,"column":22},"end":{"line":184,"column":23}},"loc":{"start":{"line":185,"column":4},"end":{"line":187,"column":5}}},"29":{"name":"(anonymous_29)","decl":{"start":{"line":185,"column":4},"end":{"line":185,"column":5}},"loc":{"start":{"line":185,"column":68},"end":{"line":187,"column":5}}},"30":{"name":"(anonymous_30)","decl":{"start":{"line":189,"column":27},"end":{"line":189,"column":28}},"loc":{"start":{"line":189,"column":65},"end":{"line":200,"column":1}}},"31":{"name":"(anonymous_31)","decl":{"start":{"line":194,"column":24},"end":{"line":194,"column":25}},"loc":{"start":{"line":194,"column":38},"end":{"line":198,"column":5}}},"32":{"name":"(anonymous_32)","decl":{"start":{"line":203,"column":19},"end":{"line":203,"column":20}},"loc":{"start":{"line":203,"column":68},"end":{"line":228,"column":1}}},"33":{"name":"(anonymous_33)","decl":{"start":{"line":206,"column":11},"end":{"line":206,"column":12}},"loc":{"start":{"line":206,"column":75},"end":{"line":227,"column":5}}},"34":{"name":"(anonymous_34)","decl":{"start":{"line":207,"column":50},"end":{"line":207,"column":51}},"loc":{"start":{"line":207,"column":91},"end":{"line":226,"column":9}}},"35":{"name":"(anonymous_35)","decl":{"start":{"line":230,"column":23},"end":{"line":230,"column":24}},"loc":{"start":{"line":231,"column":4},"end":{"line":233,"column":5}}},"36":{"name":"(anonymous_36)","decl":{"start":{"line":231,"column":4},"end":{"line":231,"column":5}},"loc":{"start":{"line":231,"column":68},"end":{"line":233,"column":5}}},"37":{"name":"(anonymous_37)","decl":{"start":{"line":235,"column":22},"end":{"line":235,"column":23}},"loc":{"start":{"line":236,"column":4},"end":{"line":258,"column":5}}},"38":{"name":"(anonymous_38)","decl":{"start":{"line":236,"column":4},"end":{"line":236,"column":5}},"loc":{"start":{"line":236,"column":68},"end":{"line":258,"column":5}}},"39":{"name":"(anonymous_39)","decl":{"start":{"line":237,"column":44},"end":{"line":237,"column":45}},"loc":{"start":{"line":237,"column":85},"end":{"line":257,"column":9}}},"40":{"name":"(anonymous_40)","decl":{"start":{"line":260,"column":19},"end":{"line":260,"column":20}},"loc":{"start":{"line":261,"column":4},"end":{"line":263,"column":43}}},"41":{"name":"updateParams","decl":{"start":{"line":265,"column":0},"end":{"line":265,"column":41}},"loc":{"start":{"line":265,"column":89},"end":{"line":273,"column":1}}},"42":{"name":"varDirective","decl":{"start":{"line":276,"column":0},"end":{"line":276,"column":41}},"loc":{"start":{"line":276,"column":82},"end":{"line":296,"column":1}}},"43":{"name":"(anonymous_43)","decl":{"start":{"line":277,"column":11},"end":{"line":277,"column":12}},"loc":{"start":{"line":277,"column":105},"end":{"line":295,"column":5}}},"44":{"name":"(anonymous_44)","decl":{"start":{"line":288,"column":43},"end":{"line":288,"column":44}},"loc":{"start":{"line":288,"column":112},"end":{"line":294,"column":9}}},"45":{"name":"optionDirective","decl":{"start":{"line":302,"column":0},"end":{"line":303,"column":0}},"loc":{"start":{"line":303,"column":65},"end":{"line":324,"column":1}}},"46":{"name":"(anonymous_46)","decl":{"start":{"line":309,"column":11},"end":{"line":309,"column":12}},"loc":{"start":{"line":309,"column":106},"end":{"line":323,"column":9}}},"47":{"name":"(anonymous_47)","decl":{"start":{"line":329,"column":19},"end":{"line":329,"column":20}},"loc":{"start":{"line":329,"column":53},"end":{"line":329,"column":79}}},"48":{"name":"(anonymous_48)","decl":{"start":{"line":332,"column":22},"end":{"line":332,"column":23}},"loc":{"start":{"line":333,"column":4},"end":{"line":333,"column":45}}},"49":{"name":"(anonymous_49)","decl":{"start":{"line":336,"column":23},"end":{"line":336,"column":24}},"loc":{"start":{"line":336,"column":43},"end":{"line":336,"column":74}}},"50":{"name":"(anonymous_50)","decl":{"start":{"line":339,"column":22},"end":{"line":339,"column":23}},"loc":{"start":{"line":339,"column":42},"end":{"line":339,"column":87}}},"51":{"name":"(anonymous_51)","decl":{"start":{"line":344,"column":22},"end":{"line":344,"column":23}},"loc":{"start":{"line":344,"column":78},"end":{"line":344,"column":109}}},"52":{"name":"(anonymous_52)","decl":{"start":{"line":347,"column":20},"end":{"line":347,"column":21}},"loc":{"start":{"line":347,"column":57},"end":{"line":347,"column":74}}},"53":{"name":"(anonymous_53)","decl":{"start":{"line":350,"column":26},"end":{"line":350,"column":27}},"loc":{"start":{"line":351,"column":4},"end":{"line":351,"column":56}}},"54":{"name":"(anonymous_54)","decl":{"start":{"line":354,"column":24},"end":{"line":354,"column":25}},"loc":{"start":{"line":354,"column":61},"end":{"line":354,"column":90}}},"55":{"name":"(anonymous_55)","decl":{"start":{"line":360,"column":18},"end":{"line":360,"column":19}},"loc":{"start":{"line":360,"column":41},"end":{"line":360,"column":58}}},"56":{"name":"(anonymous_56)","decl":{"start":{"line":364,"column":19},"end":{"line":364,"column":20}},"loc":{"start":{"line":364,"column":42},"end":{"line":364,"column":60}}},"57":{"name":"(anonymous_57)","decl":{"start":{"line":369,"column":19},"end":{"line":369,"column":20}},"loc":{"start":{"line":369,"column":77},"end":{"line":369,"column":105}}},"58":{"name":"(anonymous_58)","decl":{"start":{"line":372,"column":22},"end":{"line":372,"column":23}},"loc":{"start":{"line":372,"column":95},"end":{"line":372,"column":136}}},"59":{"name":"(anonymous_59)","decl":{"start":{"line":376,"column":20},"end":{"line":376,"column":21}},"loc":{"start":{"line":376,"column":78},"end":{"line":376,"column":107}}},"60":{"name":"(anonymous_60)","decl":{"start":{"line":379,"column":23},"end":{"line":379,"column":24}},"loc":{"start":{"line":379,"column":96},"end":{"line":379,"column":138}}},"61":{"name":"(anonymous_61)","decl":{"start":{"line":383,"column":23},"end":{"line":383,"column":24}},"loc":{"start":{"line":384,"column":4},"end":{"line":384,"column":35}}}},"branchMap":{"0":{"loc":{"start":{"line":31,"column":28},"end":{"line":31,"column":59}},"type":"binary-expr","locations":[{"start":{"line":31,"column":28},"end":{"line":31,"column":59}},{"start":{"line":31,"column":63},"end":{"line":31,"column":72}}]},"1":{"loc":{"start":{"line":32,"column":32},"end":{"line":32,"column":54}},"type":"binary-expr","locations":[{"start":{"line":32,"column":32},"end":{"line":32,"column":54}},{"start":{"line":32,"column":58},"end":{"line":32,"column":67}}]},"2":{"loc":{"start":{"line":36,"column":74},"end":{"line":36,"column":89}},"type":"cond-expr","locations":[{"start":{"line":36,"column":74},"end":{"line":36,"column":89}},{"start":{"line":36,"column":92},"end":{"line":36,"column":94}}]},"3":{"loc":{"start":{"line":47,"column":20},"end":{"line":51,"column":21}},"type":"if","locations":[{"start":{"line":47,"column":20},"end":{"line":51,"column":21}},{"start":{"line":47,"column":20},"end":{"line":51,"column":21}}]},"4":{"loc":{"start":{"line":56,"column":12},"end":{"line":58,"column":13}},"type":"if","locations":[{"start":{"line":56,"column":12},"end":{"line":58,"column":13}},{"start":{"line":56,"column":12},"end":{"line":58,"column":13}}]},"5":{"loc":{"start":{"line":83,"column":69},"end":{"line":83,"column":77}},"type":"cond-expr","locations":[{"start":{"line":83,"column":69},"end":{"line":83,"column":77}},{"start":{"line":83,"column":80},"end":{"line":83,"column":110}}]},"6":{"loc":{"start":{"line":84,"column":8},"end":{"line":86,"column":9}},"type":"if","locations":[{"start":{"line":84,"column":8},"end":{"line":86,"column":9}},{"start":{"line":84,"column":8},"end":{"line":86,"column":9}}]},"7":{"loc":{"start":{"line":95,"column":8},"end":{"line":103,"column":9}},"type":"if","locations":[{"start":{"line":95,"column":8},"end":{"line":103,"column":9}},{"start":{"line":95,"column":8},"end":{"line":103,"column":9}}]},"8":{"loc":{"start":{"line":95,"column":12},"end":{"line":95,"column":35}},"type":"binary-expr","locations":[{"start":{"line":95,"column":12},"end":{"line":95,"column":35}},{"start":{"line":95,"column":39},"end":{"line":95,"column":62}}]},"9":{"loc":{"start":{"line":102,"column":52},"end":{"line":102,"column":61}},"type":"cond-expr","locations":[{"start":{"line":102,"column":52},"end":{"line":102,"column":61}},{"start":{"line":102,"column":64},"end":{"line":102,"column":73}}]},"10":{"loc":{"start":{"line":111,"column":8},"end":{"line":116,"column":9}},"type":"if","locations":[{"start":{"line":111,"column":8},"end":{"line":116,"column":9}},{"start":{"line":111,"column":8},"end":{"line":116,"column":9}}]},"11":{"loc":{"start":{"line":139,"column":12},"end":{"line":146,"column":13}},"type":"if","locations":[{"start":{"line":139,"column":12},"end":{"line":146,"column":13}},{"start":{"line":139,"column":12},"end":{"line":146,"column":13}}]},"12":{"loc":{"start":{"line":190,"column":4},"end":{"line":192,"column":5}},"type":"if","locations":[{"start":{"line":190,"column":4},"end":{"line":192,"column":5}},{"start":{"line":190,"column":4},"end":{"line":192,"column":5}}]},"13":{"loc":{"start":{"line":195,"column":8},"end":{"line":197,"column":9}},"type":"if","locations":[{"start":{"line":195,"column":8},"end":{"line":197,"column":9}},{"start":{"line":195,"column":8},"end":{"line":197,"column":9}}]},"14":{"loc":{"start":{"line":211,"column":16},"end":{"line":217,"column":17}},"type":"if","locations":[{"start":{"line":211,"column":16},"end":{"line":217,"column":17}},{"start":{"line":211,"column":16},"end":{"line":217,"column":17}}]},"15":{"loc":{"start":{"line":235,"column":43},"end":{"line":235,"column":44}},"type":"default-arg","locations":[{"start":{"line":235,"column":43},"end":{"line":235,"column":44}}]},"16":{"loc":{"start":{"line":235,"column":66},"end":{"line":235,"column":74}},"type":"default-arg","locations":[{"start":{"line":235,"column":66},"end":{"line":235,"column":74}}]},"17":{"loc":{"start":{"line":240,"column":12},"end":{"line":256,"column":13}},"type":"if","locations":[{"start":{"line":240,"column":12},"end":{"line":256,"column":13}},{"start":{"line":240,"column":12},"end":{"line":256,"column":13}}]},"18":{"loc":{"start":{"line":240,"column":16},"end":{"line":240,"column":44}},"type":"binary-expr","locations":[{"start":{"line":240,"column":16},"end":{"line":240,"column":44}},{"start":{"line":241,"column":16},"end":{"line":241,"column":47}},{"start":{"line":242,"column":16},"end":{"line":242,"column":47}}]},"19":{"loc":{"start":{"line":262,"column":8},"end":{"line":262,"column":38}},"type":"cond-expr","locations":[{"start":{"line":262,"column":8},"end":{"line":262,"column":38}},{"start":{"line":263,"column":8},"end":{"line":263,"column":43}}]},"20":{"loc":{"start":{"line":266,"column":4},"end":{"line":271,"column":5}},"type":"if","locations":[{"start":{"line":266,"column":4},"end":{"line":271,"column":5}},{"start":{"line":266,"column":4},"end":{"line":271,"column":5}}]},"21":{"loc":{"start":{"line":305,"column":9},"end":{"line":305,"column":62}},"type":"cond-expr","locations":[{"start":{"line":305,"column":9},"end":{"line":305,"column":62}},{"start":{"line":306,"column":8},"end":{"line":306,"column":25}}]},"22":{"loc":{"start":{"line":305,"column":32},"end":{"line":305,"column":47}},"type":"cond-expr","locations":[{"start":{"line":305,"column":32},"end":{"line":305,"column":47}},{"start":{"line":305,"column":50},"end":{"line":305,"column":62}}]},"23":{"loc":{"start":{"line":344,"column":59},"end":{"line":344,"column":73}},"type":"default-arg","locations":[{"start":{"line":344,"column":59},"end":{"line":344,"column":73}}]},"24":{"loc":{"start":{"line":347,"column":38},"end":{"line":347,"column":52}},"type":"default-arg","locations":[{"start":{"line":347,"column":38},"end":{"line":347,"column":52}}]},"25":{"loc":{"start":{"line":350,"column":75},"end":{"line":350,"column":80}},"type":"default-arg","locations":[{"start":{"line":350,"column":75},"end":{"line":350,"column":80}}]},"26":{"loc":{"start":{"line":350,"column":99},"end":{"line":350,"column":113}},"type":"default-arg","locations":[{"start":{"line":350,"column":99},"end":{"line":350,"column":113}}]},"27":{"loc":{"start":{"line":354,"column":42},"end":{"line":354,"column":56}},"type":"default-arg","locations":[{"start":{"line":354,"column":42},"end":{"line":354,"column":56}}]},"28":{"loc":{"start":{"line":369,"column":58},"end":{"line":369,"column":72}},"type":"default-arg","locations":[{"start":{"line":369,"column":58},"end":{"line":369,"column":72}}]},"29":{"loc":{"start":{"line":372,"column":76},"end":{"line":372,"column":90}},"type":"default-arg","locations":[{"start":{"line":372,"column":76},"end":{"line":372,"column":90}}]},"30":{"loc":{"start":{"line":376,"column":59},"end":{"line":376,"column":73}},"type":"default-arg","locations":[{"start":{"line":376,"column":59},"end":{"line":376,"column":73}}]},"31":{"loc":{"start":{"line":379,"column":77},"end":{"line":379,"column":91}},"type":"default-arg","locations":[{"start":{"line":379,"column":77},"end":{"line":379,"column":91}}]},"32":{"loc":{"start":{"line":383,"column":38},"end":{"line":383,"column":39}},"type":"default-arg","locations":[{"start":{"line":383,"column":38},"end":{"line":383,"column":39}}]},"33":{"loc":{"start":{"line":383,"column":55},"end":{"line":383,"column":71}},"type":"default-arg","locations":[{"start":{"line":383,"column":55},"end":{"line":383,"column":71}}]},"34":{"loc":{"start":{"line":383,"column":90},"end":{"line":383,"column":104}},"type":"default-arg","locations":[{"start":{"line":383,"column":90},"end":{"line":383,"column":104}}]}},"s":{"0":3,"1":519,"2":3,"3":0,"4":0,"5":0,"6":3,"7":1,"8":28,"9":28,"10":28,"11":28,"12":28,"13":8,"14":8,"15":8,"16":8,"17":8,"18":8,"19":8,"20":8,"21":8,"22":4,"23":4,"24":4,"25":4,"26":28,"27":24,"28":28,"29":3,"30":5,"31":77,"32":77,"33":3,"34":0,"35":3,"36":0,"37":0,"38":0,"39":0,"40":0,"41":0,"42":0,"43":3,"44":0,"45":0,"46":0,"47":0,"48":0,"49":0,"50":0,"51":3,"52":0,"53":0,"54":0,"55":0,"56":0,"57":3,
[...]
end":{"line":63,"column":79}},"33":{"start":{"line":65,"column":8},"end":{"line":68,"column":9}},"34":{"start":{"line":66,"column":32},"end":{"line":66,"column":73}},"35":{"start":{"line":67,"column":12},"end":{"line":67,"column":72}},"36":{"start":{"line":70,"column":4},"end":{"line":70,"column":16}}},"fnMap":{"0":{"name":"(anonymous_0)","decl":{"start":{"line":13,"column":36},"end":{"line":13,"column":37}},"loc":{"start":{"line":13,"column":98},"end":{"line":26,"column":1}}},"1":{"name":"(anonymous_1)","decl":{"start":{"line":16,"column":46},"end":{"line":16,"column":47}},"loc":{"start":{"line":16,"column":68},"end":{"line":16,"column":85}}},"2":{"name":"(anonymous_2)","decl":{"start":{"line":28,"column":34},"end":{"line":28,"column":35}},"loc":{"start":{"line":28,"column":80},"end":{"line":35,"column":1}}},"3":{"name":"(anonymous_3)","decl":{"start":{"line":37,"column":31},"end":{"line":37,"column":32}},"loc":{"start":{"line":37,"column":47},"end":{"line":44,"column":1}}},"4":{"name":"(anonymous_4)","decl":{"start":{"line":42,"column":13},"end":{"line":42,"column":14}},"loc":{"start":{"line":42,"column":31},"end":{"line":42,"column":42}}},"5":{"name":"(anonymous_5)","decl":{"start":{"line":43,"column":16},"end":{"line":43,"column":17}},"loc":{"start":{"line":43,"column":34},"end":{"line":43,"column":49}}},"6":{"name":"(anonymous_6)","decl":{"start":{"line":46,"column":25},"end":{"line":46,"column":26}},"loc":{"start":{"line":46,"column":44},"end":{"line":50,"column":1}}},"7":{"name":"(anonymous_7)","decl":{"start":{"line":48,"column":13},"end":{"line":48,"column":14}},"loc":{"start":{"line":48,"column":31},"end":{"line":48,"column":51}}},"8":{"name":"(anonymous_8)","decl":{"start":{"line":52,"column":38},"end":{"line":52,"column":39}},"loc":{"start":{"line":52,"column":83},"end":{"line":58,"column":1}}},"9":{"name":"(anonymous_9)","decl":{"start":{"line":60,"column":28},"end":{"line":60,"column":29}},"loc":{"start":{"line":60,"column":93},"end":{"line":71,"column":1}}}},"branchMap":{"0":{"loc":{"start":{"line":13,"column":76},"end":{"line":13,"column":84}},"type":"default-arg","locations":[{"start":{"line":13,"column":76},"end":{"line":13,"column":84}}]},"1":{"loc":{"start":{"line":16,"column":8},"end":{"line":23,"column":9}},"type":"if","locations":[{"start":{"line":16,"column":8},"end":{"line":23,"column":9}},{"start":{"line":16,"column":8},"end":{"line":23,"column":9}}]},"2":{"loc":{"start":{"line":18,"column":12},"end":{"line":20,"column":13}},"type":"if","locations":[{"start":{"line":18,"column":12},"end":{"line":20,"column":13}},{"start":{"line":18,"column":12},"end":{"line":20,"column":13}}]},"3":{"loc":{"start":{"line":31,"column":20},"end":{"line":31,"column":33}},"type":"binary-expr","locations":[{"start":{"line":31,"column":20},"end":{"line":31,"column":33}},{"start":{"line":31,"column":37},"end":{"line":31,"column":53}}]},"4":{"loc":{"start":{"line":65,"column":8},"end":{"line":68,"column":9}},"type":"if","locations":[{"start":{"line":65,"column":8},"end":{"line":68,"column":9}},{"start":{"line":65,"column":8},"end":{"line":68,"column":9}}]}},"s":{"0":3,"1":3,"2":3,"3":409,"4":409,"5":172,"6":164024,"7":51,"8":51,"9":0,"10":121,"11":409,"12":3,"13":709,"14":709,"15":709,"16":615,"17":709,"18":3,"19":21,"20":102,"21":102,"22":3,"23":1418,"24":1478,"25":3,"26":709,"27":709,"28":709,"29":3,"30":0,"31":0,"32":0,"33":0,"34":0,"35":0,"36":0},"f":{"0":409,"1":164024,"2":709,"3":21,"4":102,"5":102,"6":1418,"7":1478,"8":709,"9":0},"b":{"0":[380],"1":[51,121],"2":[0,51],"3":[1324,751],"4":[0,0]}}
,"C:\\Users\\Burt\\Documents\\FAlexa\\src\\phonetic\\examples\\note\\cmd.ts": {"path":"C:\\Users\\Burt\\Documents\\FAlexa\\src\\phonetic\\examples\\note\\cmd.ts","statementMap":{"0":{"start":{"line":23,"column":33},"end":{"line":36,"column":5}},"1":{"start":{"line":24,"column":4},"end":{"line":36,"column":5}},"2":{"start":{"line":31,"column":8},"end":{"line":31,"column":34}},"3":{"start":{"line":32,"column":8},"end":{"line":32,"column":24}},"4":{"start":{"line":35,"column":8},"end":{"line":35,"column":27}},"5":{"start":{"line":38,"column":33},"end":{"line":51,"column":5}},"6":{"start":{"line":39,"column":4},"end":{"line":51,"column":5}},"7":{"start":{"line":45,"column":51},"end":{"line":47,"column":9}},"8":{"start":{"line":49,"column":12},"end":{"line":49,"column":33}},"9":{"start":{"line":53,"column":38},"end":{"line":69,"column":1}},"10":{"start":{"line":54,"column":4},"end":{"line":69,"column":1}},"11":{"start":{"line":61,"column":32},"end":{"line":63,"column":5}},"12":{"start":{"line":64,"column":10},"end":{"line":64,"column":27}},"13":{"start":{"line":71,"column":30},"end":{"line":75,"column":1}},"14":{"start":{"line":71,"column":65},"end":{"line":75,"column":1}},"15":{"start":{"line":83,"column":28},"end":{"line":96,"column":1}},"16":{"start":{"line":84,"column":4},"end":{"line":95,"column":57}},"17":{"start":{"line":91,"column":8},"end":{"line":91,"column":27}},"18":{"start":{"line":92,"column":8},"end":{"line":92,"column":24}},"19":{"start":{"line":94,"column":10},"end":{"line":94,"column":23}},"20":{"start":{"line":98,"column":25},"end":{"line":98,"column":78}},"21":{"start":{"line":100,"column":31},"end":{"line":116,"column":1}},"22":{"start":{"line":101,"column":4},"end":{"line":115,"column":6}},"23":{"start":{"line":107,"column":23},"end":{"line":107,"column":42}},"24":{"start":{"line":109,"column":8},"end":{"line":111,"column":9}},"25":{"start":{"line":114,"column":8},"end":{"line":114,"column":37}},"26":{"start":{"line":118,"column":39},"end":{"line":135,"column":1}},"27":{"start":{"line":119,"column":4},"end":{"line":134,"column":57}},"28":{"start":{"line":126,"column":27},"end":{"line":126,"column":51}},"29":{"start":{"line":127,"column":30},"end":{"line":127,"column":104}},"30":{"start":{"line":127,"column":70},"end":{"line":127,"column":92}},"31":{"start":{"line":128,"column":8},"end":{"line":130,"column":9}},"32":{"start":{"line":133,"column":8},"end":{"line":133,"column":54}},"33":{"start":{"line":137,"column":29},"end":{"line":141,"column":1}},"34":{"start":{"line":137,"column":66},"end":{"line":141,"column":1}}},"fnMap":{"0":{"name":"(anonymous_0)","decl":{"start":{"line":23,"column":33},"end":{"line":23,"column":34}},"loc":{"start":{"line":24,"column":4},"end":{"line":36,"column":5}}},"1":{"name":"(anonymous_1)","decl":{"start":{"line":30,"column":4},"end":{"line":30,"column":5}},"loc":{"start":{"line":30,"column":52},"end":{"line":33,"column":5}}},"2":{"name":"(anonymous_2)","decl":{"start":{"line":34,"column":4},"end":{"line":34,"column":5}},"loc":{"start":{"line":35,"column":8},"end":{"line":35,"column":27}}},"3":{"name":"(anonymous_3)","decl":{"start":{"line":38,"column":33},"end":{"line":38,"column":34}},"loc":{"start":{"line":39,"column":4},"end":{"line":51,"column":5}}},"4":{"name":"(anonymous_4)","decl":{"start":{"line":45,"column":8},"end":{"line":45,"column":9}},"loc":{"start":{"line":45,"column":51},"end":{"line":47,"column":9}}},"5":{"name":"(anonymous_5)","decl":{"start":{"line":48,"column":8},"end":{"line":48,"column":9}},"loc":{"start":{"line":48,"column":36},"end":{"line":50,"column":9}}},"6":{"name":"(anonymous_6)","decl":{"start":{"line":53,"column":38},"end":{"line":53,"column":39}},"loc":{"start":{"line":54,"column":4},"end":{"line":69,"column":1}}},"7":{"name":"(anonymous_7)","decl":{"start":{"line":61,"column":4},"end":{"line":61,"column":5}},"loc":{"start":{"line":61,"column":32},"end":{"line":63,"column":5}}},"8":{"name":"(anonymous_8)","decl":{"start":{"line":64,"column":4},"end":{"line":64,"column":6}},"loc":{"start":{"line":64,"column":10},"end":{"line":64,"column":27}}},"9":{"name":"(anonymous_9)","decl":{"start":{"line":71,"column":30},"end":{"line":71,"column":31}},"loc":{"start":{"line":71,"column":65},"end":{"line":75,"column":1}}},"10":{"name":"(anonymous_10)","decl":{"start":{"line":83,"column":28},"end":{"line":83,"column":29}},"loc":{"start":{"line":83,"column":63},"end":{"line":96,"column":1}}},"11":{"name":"(anonymous_11)","decl":{"start":{"line":90,"column":4},"end":{"line":90,"column":5}},"loc":{"start":{"line":90,"column":31},"end":{"line":93,"column":5}}},"12":{"name":"(anonymous_12)","decl":{"start":{"line":94,"column":4},"end":{"line":94,"column":6}},"loc":{"start":{"line":94,"column":10},"end":{"line":94,"column":23}}},"13":{"name":"(anonymous_13)","decl":{"start":{"line":100,"column":31},"end":{"line":100,"column":32}},"loc":{"start":{"line":100,"column":65},"end":{"line":116,"column":1}}},"14":{"name":"(anonymous_14)","decl":{"start":{"line":106,"column":4},"end":{"line":106,"column":6}},"loc":{"start":{"line":106,"column":9},"end":{"line":112,"column":5}}},"15":{"name":"(anonymous_15)","decl":{"start":{"line":113,"column":4},"end":{"line":113,"column":6}},"loc":{"start":{"line":113,"column":9},"end":{"line":115,"column":5}}},"16":{"name":"(anonymous_16)","decl":{"start":{"line":118,"column":39},"end":{"line":118,"column":40}},"loc":{"start":{"line":118,"column":75},"end":{"line":135,"column":1}}},"17":{"name":"(anonymous_17)","decl":{"start":{"line":125,"column":4},"end":{"line":125,"column":5}},"loc":{"start":{"line":125,"column":30},"end":{"line":131,"column":5}}},"18":{"name":"(anonymous_18)","decl":{"start":{"line":127,"column":45},"end":{"line":127,"column":46}},"loc":{"start":{"line":127,"column":70},"end":{"line":127,"column":92}}},"19":{"name":"(anonymous_19)","decl":{"start":{"line":132,"column":4},"end":{"line":132,"column":5}},"loc":{"start":{"line":133,"column":8},"end":{"line":133,"column":54}}},"20":{"name":"(anonymous_20)","decl":{"start":{"line":137,"column":29},"end":{"line":137,"column":30}},"loc":{"start":{"line":137,"column":66},"end":{"line":141,"column":1}}}},"branchMap":{"0":{"loc":{"start":{"line":110,"column":44},"end":{"line":110,"column":68}},"type":"cond-expr","locations":[{"start":{"line":110,"column":44},"end":{"line":110,"column":68}},{"start":{"line":110,"column":71},"end":{"line":110,"column":73}}]},"1":{"loc":{"start":{"line":133,"column":30},"end":{"line":133,"column":32}},"type":"cond-expr","locations":[{"start":{"line":133,"column":30},"end":{"line":133,"column":32}},{"start":{"line":133,"column":35},"end":{"line":133,"column":40}}]}},"s":{"0":1,"1":1,"2":1,"3":1,"4":1,"5":1,"6":1,"7":1,"8":0,"9":1,"10":1,"11":1,"12":0,"13":1,"14":1,"15":1,"16":1,"17":1,"18":1,"19":1,"20":1,"21":1,"22":1,"23":2,"24":2,"25":0,"26":1,"27":1,"28":1,"29":1,"30":1,"31":1,"32":0,"33":1,"34":1},"f":{"0":1,"1":1,"2":1,"3":1,"4":1,"5":0,"6":1,"7":1,"8":0,"9":1,"10":1,"11":1,"12":1,"13":1,"14":2,"15":0,"16":1,"17":1,"18":1,"19":0,"20":1},"b":{"0":[1,1],"1":[0,0]}}
,"C:\\Users\\Burt\\Documents\\FAlexa\\src\\phonetic\\examples\\note\\skills.ts": {"path":"C:\\Users\\Burt\\Documents\\FAlexa\\src\\phonetic\\examples\\note\\skills.ts","statementMap":{"0":{"start":{"line":14,"column":25},"end":{"line":38,"column":1}},"1":{"start":{"line":15,"column":24},"end":{"line":15,"column":26}},"2":{"start":{"line":17,"column":16},"end":{"line":22,"column":5}},"3":{"start":{"line":18,"column":8},"end":{"line":21,"column":10}},"4":{"start":{"line":24,"column":23},"end":{"line":27,"column":5}},"5":{"start":{"line":25,"column":8},"end":{"line":26,"column":22}},"6":{"start":{"line":29,"column":23},"end":{"line":31,"column":5}},"7":{"start":{"line":30,"column":8},"end":{"line":30,"column":25}},"8":{"start":{"line":33,"column":4},"end":{"line":37,"column":5}},"9":{"start":{"line":58,"column":24},"end":{"line":85,"column":1}},"10":{"start":{"line":59,"column":27},"end":{"line":59,"column":29}},"11":{"start":{"line":60,"column":29},"end":{"line":60,"column":31}},"12":{"start":{"line":62,"column":21},"end":{"line":69,"column":5}},"13":{"start":{"line":63,"column":8},"end":{"line":67,"column":9}},"14":{"start":{"line":68,"column":8},"end":{"line":68,"column":37}},"15":{"start":{"line":76,"column":20},"end":{"line":76,"column":49}},"16":{"start":{"line":76,"column":38},"end":{"line":76,"column":49}},"17":{"start":{"line":78,"column":22},"end":{"line":78,"column":46}},"18":{"start":{"line":78,"column":38},"end":{"line":78,"column":46}},"19":{"start":{"line":80,"column":4},"end":{"line":84,"column":5}}},"fnMap":{"0":{"name":"(anonymous_0)","decl":{"start":{"line":14,"column":25},"end":{"line":14,"column":35}},"loc":{"start":{"line":14,"column":38},"end":{"line":38,"column":1}}},"1":{"name":"(anonymous_1)","decl":{"start":{"line":17,"column":16},"end":{"line":17,"column":17}},"loc":{"start":{"line":17,"column":33},"end":{"line":22,"column":5}}},"2":{"name":"(anonymous_2)","decl":{"start":{"line":24,"column":23},"end":{"line":24,"column":24}},"loc":{"start":{"line":24,"column":48},"end":{"line":27,"column":5}}},"3":{"name":"(anonymous_3)","decl":{"start":{"line":29,"column":23},"end":{"line":29,"column":42}},"loc":{"start":{"line":29,"column":45},"end":{"line":31,"column":5}}},"4":{"name":"(anonymous_4)","decl":{"start":{"line":58,"column":24},"end":{"line":58,"column":33}},"loc":{"start":{"line":58,"column":36},"end":{"line":85,"column":1}}},"5":{"name":"(anonymous_5)","decl":{"start":{"line":62,"column":21},"end":{"line":62,"column":22}},"loc":{"start":{"line":62,"column":52},"end":{"line":69,"column":5}}},"6":{"name":"(anonymous_6)","decl":{"start":{"line":76,"column":20},"end":{"line":76,"column":21}},"loc":{"start":{"line":76,"column":38},"end":{"line":76,"column":49}}},"7":{"name":"(anonymous_7)","decl":{"start":{"line":78,"column":22},"end":{"line":78,"column":34}},"loc":{"start":{"line":78,"column":38},"end":{"line":78,"column":46}}}},"branchMap":{},"s":{"0":1,"1":1,"2":1,"3":1,"4":1,"5":1,"6":1,"7":2,"8":1,"9":1,"10":1,"11":1,"12":1,"13":1,"14":1,"15":1,"16":1,"17":1,"18":43,"19":1},"f":{"0":1,"1":1,"2":1,"3":2,"4":1,"5":1,"6":1,"7":43},"b":{}}
,"C:\\Users\\Burt\\Documents\\FAlexa\\src\\phonetic\\examples\\timer\\cmd.ts": {"path":"C:\\Users\\Burt\\Documents\\FAlexa\\src\\phonetic\\examples\\timer\\cmd.ts","statementMap":{"0":{"start":{"line":11,"column":0},"end":{"line":6,"column":0}},"1":{"start":{"line":11,"column":0},"end":{"line":6,"column":-1}},"2":{"start":{"line":6,"column":0},"end":{"line":8,"column":-1}},"3":{"start":{"line":8,"column":0},"end":{"line":null,"column":-1}},"4":{"start":{"line":15,"column":27},"end":{"line":15,"column":0}},"5":{"start":{"line":33,"column":19},"end":{"line":33,"column":0}},"6":{"start":{"line":35,"column":28},"end":{"line":35,"column":0}},"7":{"start":{"line":36,"column":19},"end":{"line":36,"column":4}},"8":{"start":{"line":44,"column":20},"end":{"line":44,"column":4}},"9":{"start":{"line":45,"column":25},"end":{"line":45,"column":8}},"10":{"start":{"line":46,"column":29},"end":{"line":46,"column":8}},"11":{"start":{"line":47,"column":8},"end":{"line":49,"column":9}},"12":{"start":{"line":48,"column":12},"end":{"line":null,"column":-1}},"13":{"start":{"line":50,"column":8},"end":{"line":52,"column":9}},"14":{"start":{"line":51,"column":12},"end":{"line":null,"column":-1}},"15":{"start":{"line":53,"column":8},"end":{"line":null,"column":-1}},"16":{"start":{"line":54,"column":8},"end":{"line":null,"column":-1}},"17":{"start":{"line":57,"column":21},"end":{"line":57,"column":4}},"18":{"start":{"line":58,"column":8},"end":{"line":null,"column":-1}},"19":{"start":{"line":61,"column":4},"end":{"line":null,"column":-1}},"20":{"start":{"line":64,"column":27},"end":{"line":64,"column":0}},"21":{"start":{"line":65,"column":20},"end":{"line":65,"column":4}},"22":{"start":{"line":66,"column":8},"end":{"line":null,"column":-1}},"23":{"start":{"line":67,"column":8},"end":{"line":null,"column":-1}},"24":{"start":{"line":69,"column":21},"end":{"line":69,"column":4}},"25":{"start":{"line":70,"column":8},"end":{"line":69,"column":4}},"26":{"start":{"line":72,"column":4},"end":{"line":null,"column":-1}},"27":{"start":{"line":79,"column":13},"end":{"line":79,"column":7}},"28":{"start":{"line":79,"column":54},"end":{"line":79,"column":7}}},"fnMap":{"0":{"name":"(anonymous_0)","decl":{"start":{"line":11,"column":0},"end":{"line":6,"column":-1}},"loc":{"start":{"line":11,"column":0},"end":{"line":6,"column":-1}}},"1":{"name":"(anonymous_2)","decl":{"start":{"line":35,"column":28},"end":{"line":35,"column":55}},"loc":{"start":{"line":35,"column":56},"end":{"line":35,"column":0}}},"2":{"name":"(anonymous_3)","decl":{"start":{"line":44,"column":20},"end":{"line":44,"column":21}},"loc":{"start":{"line":44,"column":71},"end":{"line":44,"column":4}}},"3":{"name":"(anonymous_4)","decl":{"start":{"line":57,"column":21},"end":{"line":57,"column":22}},"loc":{"start":{"line":57,"column":72},"end":{"line":57,"column":4}}},"4":{"name":"(anonymous_5)","decl":{"start":{"line":64,"column":27},"end":{"line":64,"column":52}},"loc":{"start":{"line":64,"column":53},"end":{"line":64,"column":0}}},"5":{"name":"(anonymous_6)","decl":{"start":{"line":65,"column":20},"end":{"line":65,"column":21}},"loc":{"start":{"line":65,"column":60},"end":{"line":65,"column":4}}},"6":{"name":"(anonymous_7)","decl":{"start":{"line":69,"column":21},"end":{"line":69,"column":22}},"loc":{"start":{"line":70,"column":8},"end":{"line":69,"column":4}}},"7":{"name":"(anonymous_8)","decl":{"start":{"line":79,"column":31},"end":{"line":79,"column":53}},"loc":{"start":{"line":79,"column":54},"end":{"line":79,"column":7}}}},"branchMap":{"0":{"loc":{"start":{"line":11,"column":0},"end":{"line":6,"column":-1}},"type":"if","locations":[{"start":{"line":11,"column":0},"end":{"line":6,"column":-1}},{"start":{"line":11,"column":0},"end":{"line":6,"column":-1}}]},"1":{"loc":{"start":{"line":46,"column":74},"end":{"line":46,"column":29}},"type":"cond-expr","locations":[{"start":{"line":46,"column":74},"end":{"line":46,"column":29}},{"start":{"line":46,"column":105},"end":{"line":46,"column":8}}]},"2":{"loc":{"start":{"line":47,"column":8},"end":{"line":49,"column":9}},"type":"if","locations":[{"start":{"line":47,"column":8},"end":{"line":49,"column":9}},{"start":{"line":47,"column":8},"end":{"line":49,"column":9}}]},"3":{"loc":{"start":{"line":50,"column":8},"end":{"line":52,"column":9}},"type":"if","locations":[{"start":{"line":50,"column":8},"end":{"line":52,"column":9}},{"start":{"line":50,"column":8},"end":{"line":52,"column":9}}]}},"s":{"0":0,"1":0,"2":0,"3":0,"4":0,"5":0,"6":0,"7":0,"8":0,"9":0,"10":0,"11":0,"12":0,"13":0,"14":0,"15":0,"16":0,"17":0,"18":0,"19":0,"20":0,"21":0,"22":0,"23":0,"24":0,"25":0,"26":0,"27":0,"28":0},"f":{"0":0,"1":0,"2":0,"3":0,"4":0,"5":0,"6":0,"7":0},"b":{"0":[0,0],"1":[0,0],"2":[0,0],"3":[0,0]}}
,"C:\\Users\\Burt\\Documents\\FAlexa\\src\\test\\interpretter\\util.ts": {"path":"C:\\Users\\Burt\\Documents\\FAlexa\\src\\test\\interpretter\\util.ts","statementMap":{"0":{"start":{"line":11,"column":30},"end":{"line":16,"column":1}},"1":{"start":{"line":12,"column":4},"end":{"line":15,"column":6}},"2":{"start":{"line":13,"column":8},"end":{"line":13,"column":46}},"3":{"start":{"line":14,"column":8},"end":{"line":14,"column":24}},"4":{"start":{"line":18,"column":27},"end":{"line":23,"column":1}},"5":{"start":{"line":19,"column":4},"end":{"line":22,"column":6}},"6":{"start":{"line":20,"column":8},"end":{"line":20,"column":24}},"7":{"start":{"line":21,"column":8},"end":{"line":21,"column":24}}},"fnMap":{"0":{"name":"(anonymous_0)","decl":{"start":{"line":11,"column":30},"end":{"line":11,"column":31}},"loc":{"start":{"line":11,"column":115},"end":{"line":16,"column":1}}},"1":{"name":"(anonymous_1)","decl":{"start":{"line":12,"column":29},"end":{"line":12,"column":30}},"loc":{"start":{"line":12,"column":55},"end":{"line":15,"column":5}}},"2":{"name":"(anonymous_2)","decl":{"start":{"line":18,"column":27},"end":{"line":18,"column":28}},"loc":{"start":{"line":18,"column":124},"end":{"line":23,"column":1}}},"3":{"name":"(anonymous_3)","decl":{"start":{"line":19,"column":29},"end":{"line":19,"column":30}},"loc":{"start":{"line":19,"column":55},"end":{"line":22,"column":5}}}},"branchMap":{},"s":{"0":2,"1":8,"2":6,"3":6,"4":2,"5":0,"6":0,"7":0},"f":{"0":8,"1":6,"2":0,"3":0},"b":{}}
}
