TN:
SF:C:\Users\Burt\Documents\FAlexa\src\falexa.ts
FN:31,(anonymous_0)
FN:41,(anonymous_1)
FNF:2
FNH:0
FNDA:0,(anonymous_0)
FNDA:0,(anonymous_1)
DA:17,0
DA:20,0
DA:22,0
DA:31,0
DA:38,0
DA:41,0
DA:42,0
DA:43,0
DA:44,0
DA:45,0
DA:47,0
DA:49,0
DA:51,0
DA:52,0
DA:55,0
DA:58,0
DA:61,0
LF:17
LH:0
BRDA:32,0,0,0
BRDA:34,1,0,0
BRDA:35,2,0,0
BRF:3
BRH:0
end_of_record
TN:
SF:C:\Users\Burt\Documents\FAlexa\src\index.ts
FN:11,(anonymous_2)
FNF:1
FNH:0
FNDA:0,(anonymous_2)
DA:2,0
DA:3,0
DA:4,0
DA:6,0
DA:7,0
DA:11,0
DA:13,0
LF:7
LH:0
BRDA:11,0,0,0
BRDA:11,0,1,0
BRF:2
BRH:0
end_of_record
TN:
SF:C:\Users\Burt\Documents\FAlexa\src\phonetic\index.ts
FN:5,(anonymous_0)
FN:24,createCmd
FN:39,(anonymous_2)
FN:40,(anonymous_3)
FNF:4
FNH:2
FNDA:21,(anonymous_0)
FNDA:21,createCmd
FNDA:0,(anonymous_2)
FNDA:0,(anonymous_3)
DA:5,3
DA:13,21
DA:30,21
DA:39,3
DA:40,0
DA:41,0
DA:42,0
LF:7
LH:4
BRDA:6,0,0,15
BRDA:7,1,0,21
BRDA:8,2,0,21
BRDA:10,3,0,21
BRDA:11,4,0,21
BRDA:12,5,0,21
BRDA:34,6,0,9
BRDA:34,6,1,12
BRF:8
BRH:8
end_of_record
TN:
SF:C:\Users\Burt\Documents\FAlexa\src\phonetic\interactSkills.ts
FN:14,paramNameToPhrase
FN:19,(anonymous_1)
FN:24,(anonymous_2)
FN:30,createMultichoiceResponse
FN:32,(anonymous_4)
FN:38,(anonymous_5)
FN:42,(anonymous_6)
FN:52,createClarifyResponse
FN:59,createYesCmd
FN:62,(anonymous_9)
FN:63,(anonymous_10)
FN:68,createNoCmd
FN:71,(anonymous_12)
FN:72,(anonymous_13)
FN:76,createClarificationResponse
FNF:15
FNH:8
FNDA:9,paramNameToPhrase
FNDA:11,(anonymous_1)
FNDA:9,(anonymous_2)
FNDA:0,createMultichoiceResponse
FNDA:0,(anonymous_4)
FNDA:0,(anonymous_5)
FNDA:0,(anonymous_6)
FNDA:3,createClarifyResponse
FNDA:3,createYesCmd
FNDA:2,(anonymous_9)
FNDA:0,(anonymous_10)
FNDA:3,createNoCmd
FNDA:0,(anonymous_12)
FNDA:0,(anonymous_13)
FNDA:3,createClarificationResponse
DA:15,9
DA:16,9
DA:19,3
DA:20,11
DA:25,9
DA:31,0
DA:33,0
DA:36,0
DA:39,0
DA:40,0
DA:42,0
DA:46,0
DA:53,3
DA:60,3
DA:62,2
DA:63,0
DA:69,3
DA:71,0
DA:72,0
DA:77,3
DA:78,3
DA:80,0
LF:22
LH:11
BRDA:21,0,0,2
BRDA:21,0,1,9
BRDA:77,1,0,3
BRDA:77,1,1,0
BRF:4
BRH:3
end_of_record
TN:
SF:C:\Users\Burt\Documents\FAlexa\src\phonetic\interpretter.ts
FN:20,interpretDirective
FN:30,(anonymous_1)
FN:44,(anonymous_2)
FN:46,(anonymous_3)
FN:52,sortAndFlatten
FN:54,(anonymous_5)
FN:55,(anonymous_6)
FN:58,(anonymous_7)
FN:59,(anonymous_8)
FN:94,interpretSyntax
FN:120,(anonymous_10)
FN:126,(anonymous_11)
FN:131,deduplicateSyntaxInterpretations
FN:134,(anonymous_13)
FN:144,interpretCmd
FN:150,(anonymous_15)
FN:152,(anonymous_16)
FN:165,isCmdResponse
FN:169,isCmdListResponse
FN:173,runCmd
FN:195,runTopCmdInterpretation
FN:200,cmdInterpretationToRunParams
FN:204,topCmdInterpretationsToRunnables
FN:209,(anonymous_23)
FN:216,(anonymous_24)
FN:227,(anonymous_25)
FN:228,(anonymous_26)
FN:231,(anonymous_27)
FN:233,(anonymous_28)
FN:235,(anonymous_29)
FN:246,(anonymous_30)
FN:254,(anonymous_31)
FN:270,(anonymous_32)
FN:272,(anonymous_33)
FN:290,(anonymous_34)
FN:314,(anonymous_35)
FNF:36
FNH:32
FNDA:519,interpretDirective
FNDA:0,(anonymous_1)
FNDA:2738,(anonymous_2)
FNDA:9788,(anonymous_3)
FNDA:490,sortAndFlatten
FNDA:704,(anonymous_5)
FNDA:938,(anonymous_6)
FNDA:704,(anonymous_7)
FNDA:607,(anonymous_8)
FNDA:899,interpretSyntax
FNDA:841,(anonymous_10)
FNDA:841,(anonymous_11)
FNDA:58,deduplicateSyntaxInterpretations
FNDA:272,(anonymous_13)
FNDA:58,interpretCmd
FNDA:272,(anonymous_15)
FNDA:272,(anonymous_16)
FNDA:7,isCmdResponse
FNDA:0,isCmdListResponse
FNDA:15,runCmd
FNDA:15,runTopCmdInterpretation
FNDA:33,cmdInterpretationToRunParams
FNDA:65,topCmdInterpretationsToRunnables
FNDA:18,(anonymous_23)
FNDA:0,(anonymous_24)
FNDA:40,(anonymous_25)
FNDA:58,(anonymous_26)
FNDA:58,(anonymous_27)
FNDA:15,(anonymous_28)
FNDA:17,(anonymous_29)
FNDA:0,(anonymous_30)
FNDA:6,(anonymous_31)
FNDA:21,(anonymous_32)
FNDA:4,(anonymous_33)
FNDA:31,(anonymous_34)
FNDA:10,(anonymous_35)
DA:22,519
DA:25,519
DA:26,29
DA:27,29
DA:28,0
DA:29,0
DA:31,0
DA:41,519
DA:44,3
DA:45,2738
DA:47,9788
DA:53,490
DA:54,490
DA:55,704
DA:56,938
DA:58,704
DA:59,490
DA:60,607
DA:61,607
DA:63,490
DA:64,490
DA:65,607
DA:68,490
DA:70,490
DA:71,938
DA:72,938
DA:73,938
DA:74,1922
DA:75,1922
DA:76,1511
DA:77,1511
DA:78,1511
DA:79,1016
DA:80,1016
DA:85,938
DA:86,938
DA:87,938
DA:89,490
DA:98,899
DA:99,380
DA:103,380
DA:104,272
DA:108,108
DA:111,519
DA:112,519
DA:114,519
DA:115,29
DA:118,490
DA:120,490
DA:121,841
DA:125,490
DA:126,841
DA:127,490
DA:133,58
DA:134,58
DA:135,272
DA:136,272
DA:137,220
DA:139,52
DA:140,52
DA:145,58
DA:146,58
DA:147,58
DA:148,58
DA:151,272
DA:153,272
DA:157,58
DA:166,7
DA:170,0
DA:174,15
DA:176,15
DA:177,7
DA:178,7
DA:181,0
DA:182,0
DA:189,8
DA:196,15
DA:197,15
DA:201,33
DA:206,65
DA:208,18
DA:209,18
DA:216,47
DA:222,3
DA:227,3
DA:228,58
DA:230,40
DA:232,58
DA:233,15
DA:236,17
DA:239,40
DA:241,40
DA:242,15
DA:245,25
DA:246,0
DA:247,0
DA:249,0
DA:253,25
DA:255,6
DA:256,25
DA:259,25
DA:260,0
DA:263,25
DA:264,3
DA:267,22
DA:270,3
DA:271,21
DA:272,21
DA:273,4
DA:277,21
DA:278,21
DA:279,19
DA:281,2
DA:290,3
DA:293,31
DA:296,9
DA:297,0
DA:299,9
DA:302,2
DA:305,21
DA:306,21
DA:314,10
LF:122
LH:111
BRDA:25,0,0,29
BRDA:25,0,1,490
BRDA:27,1,0,0
BRDA:27,1,1,29
BRDA:75,2,0,1511
BRDA:75,2,1,411
BRDA:78,3,0,1016
BRDA:78,3,1,495
BRDA:98,4,0,380
BRDA:98,4,1,519
BRDA:103,5,0,272
BRDA:103,5,1,108
BRDA:114,6,0,29
BRDA:114,6,1,490
BRDA:136,7,0,220
BRDA:136,7,1,52
BRDA:147,8,0,58
BRDA:147,8,1,0
BRDA:159,9,0,0
BRDA:159,9,1,58
BRDA:176,10,0,7
BRDA:176,10,1,8
BRDA:177,11,0,7
BRDA:177,11,1,0
BRDA:181,12,0,0
BRDA:181,12,1,0
BRDA:206,13,0,18
BRDA:206,13,1,47
BRDA:241,14,0,15
BRDA:241,14,1,25
BRDA:241,15,0,40
BRDA:241,15,1,15
BRDA:245,16,0,0
BRDA:245,16,1,25
BRDA:255,17,0,6
BRDA:255,17,1,6
BRDA:259,18,0,0
BRDA:259,18,1,25
BRDA:259,19,0,25
BRDA:259,19,1,3
BRDA:263,20,0,3
BRDA:263,20,1,22
BRDA:278,21,0,19
BRDA:278,21,1,2
BRDA:292,22,0,10
BRDA:296,23,0,0
BRDA:296,23,1,9
BRDA:299,24,0,0
BRDA:299,24,1,9
BRDA:308,25,0,7
BRDA:308,25,1,14
BRF:51
BRH:41
end_of_record
TN:
SF:C:\Users\Burt\Documents\FAlexa\src\phonetic\numeric.ts
FN:24,(anonymous_0)
FN:29,(anonymous_1)
FN:71,(anonymous_2)
FN:101,(anonymous_3)
FN:103,(anonymous_4)
FNF:5
FNH:3
FNDA:69,(anonymous_0)
FNDA:0,(anonymous_1)
FNDA:80,(anonymous_2)
FNDA:69,(anonymous_3)
FNDA:0,(anonymous_4)
DA:8,3
DA:9,3
DA:10,3
DA:16,3
DA:17,3
DA:24,69
DA:29,3
DA:30,0
DA:31,0
DA:32,0
DA:33,0
DA:35,0
DA:36,0
DA:37,0
DA:38,0
DA:39,0
DA:41,0
DA:42,0
DA:44,0
DA:45,0
DA:46,0
DA:49,0
DA:51,0
DA:53,0
DA:54,0
DA:57,0
DA:58,0
DA:59,0
DA:60,0
DA:62,0
DA:65,0
DA:71,3
DA:74,80
DA:75,27
DA:78,53
DA:80,53
DA:81,0
DA:83,53
DA:84,0
DA:86,53
DA:87,0
DA:89,53
DA:90,1
DA:93,52
DA:94,52
DA:95,52
DA:96,42
DA:98,10
DA:101,69
DA:103,3
LF:50
LH:23
BRDA:25,0,0,0
BRDA:25,0,1,69
BRDA:37,1,0,0
BRDA:37,1,1,0
BRDA:38,2,0,0
BRDA:38,2,1,0
BRDA:38,3,0,0
BRDA:38,3,1,0
BRDA:38,3,2,0
BRDA:41,4,0,0
BRDA:41,4,1,0
BRDA:44,5,0,0
BRDA:44,5,1,0
BRDA:44,6,0,0
BRDA:44,6,1,0
BRDA:51,7,0,0
BRDA:51,7,1,0
BRDA:51,8,0,0
BRDA:51,8,1,0
BRDA:58,9,0,0
BRDA:58,9,1,0
BRDA:58,10,0,0
BRDA:58,10,1,0
BRDA:72,11,0,69
BRDA:72,12,0,69
BRDA:72,13,0,69
BRDA:72,14,0,69
BRDA:74,15,0,27
BRDA:74,15,1,53
BRDA:78,16,0,52
BRDA:78,16,1,1
BRDA:80,17,0,0
BRDA:80,17,1,53
BRDA:80,18,0,53
BRDA:80,18,1,0
BRDA:80,18,2,0
BRDA:83,19,0,0
BRDA:83,19,1,53
BRDA:86,20,0,0
BRDA:86,20,1,53
BRDA:86,21,0,53
BRDA:86,21,1,0
BRDA:89,22,0,1
BRDA:89,22,1,52
BRDA:89,23,0,53
BRDA:89,23,1,1
BRDA:95,24,0,42
BRDA:95,24,1,10
BRDA:95,25,0,52
BRDA:95,25,1,10
BRF:50
BRH:22
end_of_record
TN:
SF:C:\Users\Burt\Documents\FAlexa\src\phonetic\publicInterfaces.ts
FN:69,(anonymous_0)
FNF:1
FNH:1
FNDA:3,(anonymous_0)
DA:69,3
DA:70,3
DA:71,3
DA:72,3
LF:4
LH:4
BRDA:69,0,0,3
BRDA:69,0,1,3
BRF:2
BRH:2
end_of_record
TN:
SF:C:\Users\Burt\Documents\FAlexa\src\phonetic\sort.ts
FN:11,trim
FN:12,(anonymous_1)
FN:16,(anonymous_2)
FN:28,trimf
FN:29,(anonymous_4)
FN:32,trimd
FN:33,(anonymous_6)
FNF:7
FNH:7
FNDA:1411,trim
FNDA:2549,(anonymous_1)
FNDA:1465,(anonymous_2)
FNDA:892,trimf
FNDA:3526,(anonymous_4)
FNDA:519,trimd
FNDA:2616,(anonymous_6)
DA:12,1411
DA:13,2549
DA:14,1411
DA:15,663
DA:16,663
DA:17,1465
DA:18,1465
DA:19,1465
DA:22,663
DA:23,663
DA:25,748
DA:29,3526
DA:33,2616
LF:13
LH:13
BRDA:14,0,0,663
BRDA:14,0,1,748
BRDA:19,1,0,407
BRDA:19,1,1,1058
BRDA:20,2,0,399
BRDA:20,2,1,659
BRF:6
BRH:6
end_of_record
TN:
SF:C:\Users\Burt\Documents\FAlexa\src\phonetic\stopwords.ts
FNF:0
FNH:0
DA:2,3
LF:1
LH:1
BRF:0
BRH:0
end_of_record
TN:
SF:C:\Users\Burt\Documents\FAlexa\src\phonetic\syntax.ts
FN:12,(anonymous_0)
FN:15,(anonymous_1)
FN:16,(anonymous_2)
FN:17,(anonymous_3)
FN:25,(anonymous_4)
FN:26,(anonymous_5)
FN:28,(anonymous_6)
FN:64,(anonymous_7)
FN:65,(anonymous_8)
FN:66,(anonymous_9)
FN:76,(anonymous_10)
FN:79,(anonymous_11)
FN:81,(anonymous_12)
FN:91,(anonymous_13)
FN:108,(anonymous_14)
FN:122,(anonymous_15)
FN:123,(anonymous_16)
FN:125,(anonymous_17)
FN:126,(anonymous_18)
FN:129,(anonymous_19)
FN:134,(anonymous_20)
FN:135,(anonymous_21)
FN:137,(anonymous_22)
FN:138,(anonymous_23)
FN:166,(anonymous_24)
FN:167,(anonymous_25)
FN:168,(anonymous_26)
FN:169,(anonymous_27)
FN:184,(anonymous_28)
FN:185,(anonymous_29)
FN:189,(anonymous_30)
FN:194,(anonymous_31)
FN:203,(anonymous_32)
FN:206,(anonymous_33)
FN:207,(anonymous_34)
FN:230,(anonymous_35)
FN:231,(anonymous_36)
FN:235,(anonymous_37)
FN:236,(anonymous_38)
FN:237,(anonymous_39)
FN:260,(anonymous_40)
FN:265,updateParams
FN:276,varDirective
FN:277,(anonymous_43)
FN:288,(anonymous_44)
FN:302,optionDirective
FN:309,(anonymous_46)
FN:329,(anonymous_47)
FN:332,(anonymous_48)
FN:336,(anonymous_49)
FN:339,(anonymous_50)
FN:344,(anonymous_51)
FN:347,(anonymous_52)
FN:350,(anonymous_53)
FN:354,(anonymous_54)
FN:360,(anonymous_55)
FN:364,(anonymous_56)
FN:369,(anonymous_57)
FN:372,(anonymous_58)
FN:376,(anonymous_59)
FN:379,(anonymous_60)
FN:383,(anonymous_61)
FNF:62
FNH:32
FNDA:519,(anonymous_0)
FNDA:0,(anonymous_1)
FNDA:0,(anonymous_2)
FNDA:0,(anonymous_3)
FNDA:1,(anonymous_4)
FNDA:28,(anonymous_5)
FNDA:28,(anonymous_6)
FNDA:5,(anonymous_7)
FNDA:77,(anonymous_8)
FNDA:77,(anonymous_9)
FNDA:0,(anonymous_10)
FNDA:0,(anonymous_11)
FNDA:0,(anonymous_12)
FNDA:0,(anonymous_13)
FNDA:0,(anonymous_14)
FNDA:0,(anonymous_15)
FNDA:0,(anonymous_16)
FNDA:0,(anonymous_17)
FNDA:0,(anonymous_18)
FNDA:0,(anonymous_19)
FNDA:0,(anonymous_20)
FNDA:0,(anonymous_21)
FNDA:0,(anonymous_22)
FNDA:0,(anonymous_23)
FNDA:73,(anonymous_24)
FNDA:345,(anonymous_25)
FNDA:345,(anonymous_26)
FNDA:701,(anonymous_27)
FNDA:1,(anonymous_28)
FNDA:42,(anonymous_29)
FNDA:0,(anonymous_30)
FNDA:0,(anonymous_31)
FNDA:0,(anonymous_32)
FNDA:0,(anonymous_33)
FNDA:0,(anonymous_34)
FNDA:0,(anonymous_35)
FNDA:0,(anonymous_36)
FNDA:8,(anonymous_37)
FNDA:69,(anonymous_38)
FNDA:69,(anonymous_39)
FNDA:789,(anonymous_40)
FNDA:985,updateParams
FNDA:234,varDirective
FNDA:519,(anonymous_43)
FNDA:789,(anonymous_44)
FNDA:8,optionDirective
FNDA:196,(anonymous_46)
FNDA:13,(anonymous_47)
FNDA:2,(anonymous_48)
FNDA:25,(anonymous_49)
FNDA:6,(anonymous_50)
FNDA:0,(anonymous_51)
FNDA:0,(anonymous_52)
FNDA:1,(anonymous_53)
FNDA:5,(anonymous_54)
FNDA:0,(anonymous_55)
FNDA:0,(anonymous_56)
FNDA:31,(anonymous_57)
FNDA:1,(anonymous_58)
FNDA:0,(anonymous_59)
FNDA:0,(anonymous_60)
FNDA:8,(anonymous_61)
DA:12,519
DA:15,3
DA:16,0
DA:17,0
DA:25,3
DA:26,1
DA:27,28
DA:28,28
DA:29,28
DA:30,28
DA:31,28
DA:32,8
DA:33,8
DA:34,8
DA:35,8
DA:36,8
DA:37,8
DA:38,8
DA:39,8
DA:47,8
DA:48,4
DA:49,4
DA:50,4
DA:53,4
DA:56,28
DA:57,24
DA:61,28
DA:64,3
DA:65,5
DA:66,77
DA:76,3
DA:77,0
DA:79,3
DA:80,0
DA:81,0
DA:82,0
DA:83,0
DA:84,0
DA:85,0
DA:88,0
DA:91,3
DA:92,0
DA:93,0
DA:94,0
DA:95,0
DA:96,0
DA:102,0
DA:105,0
DA:108,3
DA:109,0
DA:110,0
DA:111,0
DA:112,0
DA:118,0
DA:122,3
DA:123,0
DA:124,0
DA:125,0
DA:126,0
DA:127,0
DA:129,0
DA:134,3
DA:135,0
DA:136,0
DA:137,0
DA:138,0
DA:139,0
DA:140,0
DA:143,0
DA:149,0
DA:166,3
DA:167,73
DA:168,345
DA:169,345
DA:170,701
DA:171,701
DA:172,701
DA:174,701
DA:184,3
DA:185,1
DA:186,42
DA:189,3
DA:190,0
DA:191,0
DA:193,0
DA:194,0
DA:195,0
DA:196,0
DA:199,0
DA:203,3
DA:204,0
DA:206,0
DA:207,0
DA:208,0
DA:209,0
DA:210,0
DA:211,0
DA:212,0
DA:220,0
DA:221,0
DA:230,3
DA:231,0
DA:232,0
DA:235,3
DA:236,8
DA:237,69
DA:238,69
DA:240,69
DA:243,3
DA:250,66
DA:260,3
DA:261,789
DA:266,985
DA:267,187
DA:272,798
DA:277,234
DA:278,519
DA:286,519
DA:288,519
DA:289,789
DA:304,8
DA:309,196
DA:329,13
DA:332,3
DA:333,2
DA:336,25
DA:339,6
DA:344,3
DA:347,3
DA:350,3
DA:351,1
DA:354,5
DA:360,3
DA:364,3
DA:369,31
DA:372,3
DA:376,3
DA:379,3
DA:383,3
DA:384,8
LF:140
LH:85
BRDA:31,0,0,36
BRDA:31,0,1,12
BRDA:32,1,0,12
BRDA:32,1,1,8
BRDA:36,2,0,0
BRDA:36,2,1,8
BRDA:47,3,0,4
BRDA:47,3,1,4
BRDA:56,4,0,24
BRDA:56,4,1,4
BRDA:83,5,0,0
BRDA:83,5,1,0
BRDA:84,6,0,0
BRDA:84,6,1,0
BRDA:95,7,0,0
BRDA:95,7,1,0
BRDA:95,8,0,0
BRDA:95,8,1,0
BRDA:102,9,0,0
BRDA:102,9,1,0
BRDA:111,10,0,0
BRDA:111,10,1,0
BRDA:139,11,0,0
BRDA:139,11,1,0
BRDA:190,12,0,0
BRDA:190,12,1,0
BRDA:195,13,0,0
BRDA:195,13,1,0
BRDA:211,14,0,0
BRDA:211,14,1,0
BRDA:235,15,0,0
BRDA:235,16,0,0
BRDA:240,17,0,3
BRDA:240,17,1,66
BRDA:240,18,0,69
BRDA:240,18,1,69
BRDA:240,18,2,3
BRDA:262,19,0,786
BRDA:262,19,1,3
BRDA:266,20,0,187
BRDA:266,20,1,798
BRDA:305,21,0,2
BRDA:305,21,1,6
BRDA:305,22,0,2
BRDA:305,22,1,0
BRDA:344,23,0,0
BRDA:347,24,0,0
BRDA:350,25,0,1
BRDA:350,26,0,1
BRDA:354,27,0,5
BRDA:369,28,0,31
BRDA:372,29,0,1
BRDA:376,30,0,0
BRDA:379,31,0,0
BRDA:383,32,0,8
BRDA:383,33,0,8
BRDA:383,34,0,8
BRF:57
BRH:29
end_of_record
TN:
SF:C:\Users\Burt\Documents\FAlexa\src\phonetic\text.ts
FN:13,(anonymous_0)
FN:16,(anonymous_1)
FN:28,(anonymous_2)
FN:37,(anonymous_3)
FN:42,(anonymous_4)
FN:43,(anonymous_5)
FN:46,(anonymous_6)
FN:48,(anonymous_7)
FN:52,(anonymous_8)
FN:60,(anonymous_9)
FNF:10
FNH:9
FNDA:409,(anonymous_0)
FNDA:164024,(anonymous_1)
FNDA:709,(anonymous_2)
FNDA:21,(anonymous_3)
FNDA:102,(anonymous_4)
FNDA:102,(anonymous_5)
FNDA:1418,(anonymous_6)
FNDA:1478,(anonymous_7)
FNDA:709,(anonymous_8)
FNDA:0,(anonymous_9)
DA:5,3
DA:7,3
DA:13,3
DA:14,409
DA:15,409
DA:16,164024
DA:17,51
DA:18,51
DA:19,0
DA:22,121
DA:25,409
DA:28,3
DA:29,709
DA:30,709
DA:31,709
DA:32,615
DA:34,709
DA:37,3
DA:38,21
DA:42,102
DA:43,102
DA:46,3
DA:47,1418
DA:48,1478
DA:52,3
DA:53,709
DA:54,709
DA:57,709
DA:60,3
DA:61,0
DA:62,0
DA:63,0
DA:65,0
DA:66,0
DA:67,0
DA:70,0
LF:36
LH:28
BRDA:13,0,0,380
BRDA:16,1,0,51
BRDA:16,1,1,121
BRDA:18,2,0,0
BRDA:18,2,1,51
BRDA:31,3,0,1324
BRDA:31,3,1,751
BRDA:65,4,0,0
BRDA:65,4,1,0
BRF:9
BRH:6
end_of_record
TN:
SF:C:\Users\Burt\Documents\FAlexa\src\phonetic\examples\note\cmd.ts
FN:23,(anonymous_0)
FN:30,(anonymous_1)
FN:34,(anonymous_2)
FN:38,(anonymous_3)
FN:45,(anonymous_4)
FN:48,(anonymous_5)
FN:53,(anonymous_6)
FN:61,(anonymous_7)
FN:64,(anonymous_8)
FN:71,(anonymous_9)
FN:83,(anonymous_10)
FN:90,(anonymous_11)
FN:94,(anonymous_12)
FN:100,(anonymous_13)
FN:106,(anonymous_14)
FN:113,(anonymous_15)
FN:118,(anonymous_16)
FN:125,(anonymous_17)
FN:127,(anonymous_18)
FN:132,(anonymous_19)
FN:137,(anonymous_20)
FNF:21
FNH:17
FNDA:1,(anonymous_0)
FNDA:1,(anonymous_1)
FNDA:1,(anonymous_2)
FNDA:1,(anonymous_3)
FNDA:1,(anonymous_4)
FNDA:0,(anonymous_5)
FNDA:1,(anonymous_6)
FNDA:1,(anonymous_7)
FNDA:0,(anonymous_8)
FNDA:1,(anonymous_9)
FNDA:1,(anonymous_10)
FNDA:1,(anonymous_11)
FNDA:1,(anonymous_12)
FNDA:1,(anonymous_13)
FNDA:2,(anonymous_14)
FNDA:0,(anonymous_15)
FNDA:1,(anonymous_16)
FNDA:1,(anonymous_17)
FNDA:1,(anonymous_18)
FNDA:0,(anonymous_19)
FNDA:1,(anonymous_20)
DA:23,1
DA:24,1
DA:31,1
DA:32,1
DA:35,1
DA:38,1
DA:39,1
DA:45,1
DA:49,0
DA:53,1
DA:54,1
DA:61,1
DA:64,0
DA:71,1
DA:83,1
DA:84,1
DA:91,1
DA:92,1
DA:94,1
DA:98,1
DA:100,1
DA:101,1
DA:107,2
DA:109,2
DA:114,0
DA:118,1
DA:119,1
DA:126,1
DA:127,1
DA:128,1
DA:133,0
DA:137,1
LF:32
LH:28
BRDA:110,0,0,1
BRDA:110,0,1,1
BRDA:133,1,0,0
BRDA:133,1,1,0
BRF:4
BRH:2
end_of_record
TN:
SF:C:\Users\Burt\Documents\FAlexa\src\phonetic\examples\note\skills.ts
FN:14,(anonymous_0)
FN:17,(anonymous_1)
FN:24,(anonymous_2)
FN:29,(anonymous_3)
FN:58,(anonymous_4)
FN:62,(anonymous_5)
FN:76,(anonymous_6)
FN:78,(anonymous_7)
FNF:8
FNH:8
FNDA:1,(anonymous_0)
FNDA:1,(anonymous_1)
FNDA:1,(anonymous_2)
FNDA:2,(anonymous_3)
FNDA:1,(anonymous_4)
FNDA:1,(anonymous_5)
FNDA:1,(anonymous_6)
FNDA:43,(anonymous_7)
DA:14,1
DA:15,1
DA:17,1
DA:18,1
DA:24,1
DA:25,1
DA:29,1
DA:30,2
DA:33,1
DA:58,1
DA:59,1
DA:60,1
DA:62,1
DA:63,1
DA:68,1
DA:76,1
DA:78,43
DA:80,1
LF:18
LH:18
BRF:0
BRH:0
end_of_record
TN:
SF:C:\Users\Burt\Documents\FAlexa\src\phonetic\examples\timer\cmd.ts
FN:11,(anonymous_0)
FN:35,(anonymous_2)
FN:44,(anonymous_3)
FN:57,(anonymous_4)
FN:64,(anonymous_5)
FN:65,(anonymous_6)
FN:69,(anonymous_7)
FN:79,(anonymous_8)
FNF:8
FNH:0
FNDA:0,(anonymous_0)
FNDA:0,(anonymous_2)
FNDA:0,(anonymous_3)
FNDA:0,(anonymous_4)
FNDA:0,(anonymous_5)
FNDA:0,(anonymous_6)
FNDA:0,(anonymous_7)
FNDA:0,(anonymous_8)
DA:6,0
DA:8,0
DA:11,0
DA:15,0
DA:33,0
DA:35,0
DA:36,0
DA:44,0
DA:45,0
DA:46,0
DA:47,0
DA:48,0
DA:50,0
DA:51,0
DA:53,0
DA:54,0
DA:57,0
DA:58,0
DA:61,0
DA:64,0
DA:65,0
DA:66,0
DA:67,0
DA:69,0
DA:70,0
DA:72,0
DA:79,0
LF:27
LH:0
BRDA:11,0,0,0
BRDA:11,0,1,0
BRDA:46,1,0,0
BRDA:46,1,1,0
BRDA:47,2,0,0
BRDA:47,2,1,0
BRDA:50,3,0,0
BRDA:50,3,1,0
BRF:8
BRH:0
end_of_record
TN:
SF:C:\Users\Burt\Documents\FAlexa\src\test\interpretter\util.ts
FN:11,(anonymous_0)
FN:12,(anonymous_1)
FN:18,(anonymous_2)
FN:19,(anonymous_3)
FNF:4
FNH:2
FNDA:8,(anonymous_0)
FNDA:6,(anonymous_1)
FNDA:0,(anonymous_2)
FNDA:0,(anonymous_3)
DA:11,2
DA:12,8
DA:13,6
DA:14,6
DA:18,2
DA:19,0
DA:20,0
DA:21,0
LF:8
LH:5
BRF:0
BRH:0
end_of_record
